0 info it worked if it ends with ok
1 verbose cli [ 'node', '/usr/local/bin/npm', 'install' ]
2 info using npm@1.4.28
3 info using node@v0.10.33
4 warn package.json ODIapp@ No description
5 warn package.json ODIapp@ No repository field.
6 verbose readDependencies using package.json deps
7 verbose install where, deps [ '/Users/everitoSan/MEGA/MEGAsync/Everito.san/Digital·Invaders/FINAL PROYECT/ODIapp',
7 verbose install   [ 'bower',
7 verbose install     'grunt-cli',
7 verbose install     'grunt',
7 verbose install     'grunt-contrib-sass',
7 verbose install     'grunt-contrib-copy',
7 verbose install     'grunt-contrib-clean',
7 verbose install     'grunt-contrib-jshint',
7 verbose install     'grunt-contrib-cssmin',
7 verbose install     'grunt-contrib-requirejs',
7 verbose install     'grunt-contrib-connect',
7 verbose install     'grunt-contrib-watch',
7 verbose install     'grunt-connect-proxy',
7 verbose install     'grunt-rails-server',
7 verbose install     'load-grunt-tasks',
7 verbose install     'almond' ] ]
8 info preinstall ODIapp@
9 verbose readDependencies using package.json deps
10 verbose cache add [ 'grunt-cli@~0.1.7', null ]
11 verbose cache add name=undefined spec="grunt-cli@~0.1.7" args=["grunt-cli@~0.1.7",null]
12 verbose parsed url { protocol: null,
12 verbose parsed url   slashes: null,
12 verbose parsed url   auth: null,
12 verbose parsed url   host: null,
12 verbose parsed url   port: null,
12 verbose parsed url   hostname: null,
12 verbose parsed url   hash: null,
12 verbose parsed url   search: null,
12 verbose parsed url   query: null,
12 verbose parsed url   pathname: 'grunt-cli@~0.1.7',
12 verbose parsed url   path: 'grunt-cli@~0.1.7',
12 verbose parsed url   href: 'grunt-cli@~0.1.7' }
13 verbose cache add [ 'grunt@~0.4.1', null ]
14 verbose cache add name=undefined spec="grunt@~0.4.1" args=["grunt@~0.4.1",null]
15 verbose parsed url { protocol: null,
15 verbose parsed url   slashes: null,
15 verbose parsed url   auth: null,
15 verbose parsed url   host: null,
15 verbose parsed url   port: null,
15 verbose parsed url   hostname: null,
15 verbose parsed url   hash: null,
15 verbose parsed url   search: null,
15 verbose parsed url   query: null,
15 verbose parsed url   pathname: 'grunt@~0.4.1',
15 verbose parsed url   path: 'grunt@~0.4.1',
15 verbose parsed url   href: 'grunt@~0.4.1' }
16 verbose cache add name="grunt-cli" spec="~0.1.7" args=["grunt-cli","~0.1.7"]
17 verbose parsed url { protocol: null,
17 verbose parsed url   slashes: null,
17 verbose parsed url   auth: null,
17 verbose parsed url   host: null,
17 verbose parsed url   port: null,
17 verbose parsed url   hostname: null,
17 verbose parsed url   hash: null,
17 verbose parsed url   search: null,
17 verbose parsed url   query: null,
17 verbose parsed url   pathname: '~0.1.7',
17 verbose parsed url   path: '~0.1.7',
17 verbose parsed url   href: '~0.1.7' }
18 verbose addNamed [ 'grunt-cli', '~0.1.7' ]
19 verbose addNamed [ null, '>=0.1.7-0 <0.2.0-0' ]
20 verbose cache add [ 'grunt-contrib-sass@~0.7.3', null ]
21 verbose cache add name=undefined spec="grunt-contrib-sass@~0.7.3" args=["grunt-contrib-sass@~0.7.3",null]
22 verbose parsed url { protocol: null,
22 verbose parsed url   slashes: null,
22 verbose parsed url   auth: null,
22 verbose parsed url   host: null,
22 verbose parsed url   port: null,
22 verbose parsed url   hostname: null,
22 verbose parsed url   hash: null,
22 verbose parsed url   search: null,
22 verbose parsed url   query: null,
22 verbose parsed url   pathname: 'grunt-contrib-sass@~0.7.3',
22 verbose parsed url   path: 'grunt-contrib-sass@~0.7.3',
22 verbose parsed url   href: 'grunt-contrib-sass@~0.7.3' }
23 verbose cache add [ 'grunt-contrib-copy@~0.4.1', null ]
24 verbose cache add name=undefined spec="grunt-contrib-copy@~0.4.1" args=["grunt-contrib-copy@~0.4.1",null]
25 verbose parsed url { protocol: null,
25 verbose parsed url   slashes: null,
25 verbose parsed url   auth: null,
25 verbose parsed url   host: null,
25 verbose parsed url   port: null,
25 verbose parsed url   hostname: null,
25 verbose parsed url   hash: null,
25 verbose parsed url   search: null,
25 verbose parsed url   query: null,
25 verbose parsed url   pathname: 'grunt-contrib-copy@~0.4.1',
25 verbose parsed url   path: 'grunt-contrib-copy@~0.4.1',
25 verbose parsed url   href: 'grunt-contrib-copy@~0.4.1' }
26 verbose cache add name="grunt" spec="~0.4.1" args=["grunt","~0.4.1"]
27 verbose parsed url { protocol: null,
27 verbose parsed url   slashes: null,
27 verbose parsed url   auth: null,
27 verbose parsed url   host: null,
27 verbose parsed url   port: null,
27 verbose parsed url   hostname: null,
27 verbose parsed url   hash: null,
27 verbose parsed url   search: null,
27 verbose parsed url   query: null,
27 verbose parsed url   pathname: '~0.4.1',
27 verbose parsed url   path: '~0.4.1',
27 verbose parsed url   href: '~0.4.1' }
28 verbose addNamed [ 'grunt', '~0.4.1' ]
29 verbose addNamed [ null, '>=0.4.1-0 <0.5.0-0' ]
30 silly lockFile 89325b95-grunt-cli-0-1-7 grunt-cli@~0.1.7
31 verbose lock grunt-cli@~0.1.7 /Users/everitoSan/.npm/89325b95-grunt-cli-0-1-7.lock
32 silly lockFile 766a3bd3-grunt-0-4-1 grunt@~0.4.1
33 verbose lock grunt@~0.4.1 /Users/everitoSan/.npm/766a3bd3-grunt-0-4-1.lock
34 verbose cache add name="grunt-contrib-sass" spec="~0.7.3" args=["grunt-contrib-sass","~0.7.3"]
35 verbose parsed url { protocol: null,
35 verbose parsed url   slashes: null,
35 verbose parsed url   auth: null,
35 verbose parsed url   host: null,
35 verbose parsed url   port: null,
35 verbose parsed url   hostname: null,
35 verbose parsed url   hash: null,
35 verbose parsed url   search: null,
35 verbose parsed url   query: null,
35 verbose parsed url   pathname: '~0.7.3',
35 verbose parsed url   path: '~0.7.3',
35 verbose parsed url   href: '~0.7.3' }
36 verbose addNamed [ 'grunt-contrib-sass', '~0.7.3' ]
37 verbose addNamed [ null, '>=0.7.3-0 <0.8.0-0' ]
38 silly lockFile 1b11a44c-grunt-contrib-sass-0-7-3 grunt-contrib-sass@~0.7.3
39 verbose lock grunt-contrib-sass@~0.7.3 /Users/everitoSan/.npm/1b11a44c-grunt-contrib-sass-0-7-3.lock
40 verbose cache add [ 'grunt-contrib-clean@~0.4.1', null ]
41 verbose cache add name=undefined spec="grunt-contrib-clean@~0.4.1" args=["grunt-contrib-clean@~0.4.1",null]
42 verbose parsed url { protocol: null,
42 verbose parsed url   slashes: null,
42 verbose parsed url   auth: null,
42 verbose parsed url   host: null,
42 verbose parsed url   port: null,
42 verbose parsed url   hostname: null,
42 verbose parsed url   hash: null,
42 verbose parsed url   search: null,
42 verbose parsed url   query: null,
42 verbose parsed url   pathname: 'grunt-contrib-clean@~0.4.1',
42 verbose parsed url   path: 'grunt-contrib-clean@~0.4.1',
42 verbose parsed url   href: 'grunt-contrib-clean@~0.4.1' }
43 verbose cache add [ 'grunt-contrib-jshint@~0.4.3', null ]
44 verbose cache add name=undefined spec="grunt-contrib-jshint@~0.4.3" args=["grunt-contrib-jshint@~0.4.3",null]
45 verbose parsed url { protocol: null,
45 verbose parsed url   slashes: null,
45 verbose parsed url   auth: null,
45 verbose parsed url   host: null,
45 verbose parsed url   port: null,
45 verbose parsed url   hostname: null,
45 verbose parsed url   hash: null,
45 verbose parsed url   search: null,
45 verbose parsed url   query: null,
45 verbose parsed url   pathname: 'grunt-contrib-jshint@~0.4.3',
45 verbose parsed url   path: 'grunt-contrib-jshint@~0.4.3',
45 verbose parsed url   href: 'grunt-contrib-jshint@~0.4.3' }
46 verbose cache add [ 'grunt-contrib-cssmin@~0.6.0', null ]
47 verbose cache add name=undefined spec="grunt-contrib-cssmin@~0.6.0" args=["grunt-contrib-cssmin@~0.6.0",null]
48 verbose parsed url { protocol: null,
48 verbose parsed url   slashes: null,
48 verbose parsed url   auth: null,
48 verbose parsed url   host: null,
48 verbose parsed url   port: null,
48 verbose parsed url   hostname: null,
48 verbose parsed url   hash: null,
48 verbose parsed url   search: null,
48 verbose parsed url   query: null,
48 verbose parsed url   pathname: 'grunt-contrib-cssmin@~0.6.0',
48 verbose parsed url   path: 'grunt-contrib-cssmin@~0.6.0',
48 verbose parsed url   href: 'grunt-contrib-cssmin@~0.6.0' }
49 verbose cache add [ 'grunt-contrib-requirejs@~0.4.1', null ]
50 verbose cache add name=undefined spec="grunt-contrib-requirejs@~0.4.1" args=["grunt-contrib-requirejs@~0.4.1",null]
51 verbose parsed url { protocol: null,
51 verbose parsed url   slashes: null,
51 verbose parsed url   auth: null,
51 verbose parsed url   host: null,
51 verbose parsed url   port: null,
51 verbose parsed url   hostname: null,
51 verbose parsed url   hash: null,
51 verbose parsed url   search: null,
51 verbose parsed url   query: null,
51 verbose parsed url   pathname: 'grunt-contrib-requirejs@~0.4.1',
51 verbose parsed url   path: 'grunt-contrib-requirejs@~0.4.1',
51 verbose parsed url   href: 'grunt-contrib-requirejs@~0.4.1' }
52 verbose cache add name="grunt-contrib-copy" spec="~0.4.1" args=["grunt-contrib-copy","~0.4.1"]
53 verbose parsed url { protocol: null,
53 verbose parsed url   slashes: null,
53 verbose parsed url   auth: null,
53 verbose parsed url   host: null,
53 verbose parsed url   port: null,
53 verbose parsed url   hostname: null,
53 verbose parsed url   hash: null,
53 verbose parsed url   search: null,
53 verbose parsed url   query: null,
53 verbose parsed url   pathname: '~0.4.1',
53 verbose parsed url   path: '~0.4.1',
53 verbose parsed url   href: '~0.4.1' }
54 verbose addNamed [ 'grunt-contrib-copy', '~0.4.1' ]
55 verbose addNamed [ null, '>=0.4.1-0 <0.5.0-0' ]
56 silly lockFile c84f658a-grunt-contrib-copy-0-4-1 grunt-contrib-copy@~0.4.1
57 verbose lock grunt-contrib-copy@~0.4.1 /Users/everitoSan/.npm/c84f658a-grunt-contrib-copy-0-4-1.lock
58 verbose cache add name="grunt-contrib-clean" spec="~0.4.1" args=["grunt-contrib-clean","~0.4.1"]
59 verbose parsed url { protocol: null,
59 verbose parsed url   slashes: null,
59 verbose parsed url   auth: null,
59 verbose parsed url   host: null,
59 verbose parsed url   port: null,
59 verbose parsed url   hostname: null,
59 verbose parsed url   hash: null,
59 verbose parsed url   search: null,
59 verbose parsed url   query: null,
59 verbose parsed url   pathname: '~0.4.1',
59 verbose parsed url   path: '~0.4.1',
59 verbose parsed url   href: '~0.4.1' }
60 verbose addNamed [ 'grunt-contrib-clean', '~0.4.1' ]
61 verbose addNamed [ null, '>=0.4.1-0 <0.5.0-0' ]
62 silly lockFile 6475a015-grunt-contrib-clean-0-4-1 grunt-contrib-clean@~0.4.1
63 verbose lock grunt-contrib-clean@~0.4.1 /Users/everitoSan/.npm/6475a015-grunt-contrib-clean-0-4-1.lock
64 verbose cache add name="grunt-contrib-jshint" spec="~0.4.3" args=["grunt-contrib-jshint","~0.4.3"]
65 verbose parsed url { protocol: null,
65 verbose parsed url   slashes: null,
65 verbose parsed url   auth: null,
65 verbose parsed url   host: null,
65 verbose parsed url   port: null,
65 verbose parsed url   hostname: null,
65 verbose parsed url   hash: null,
65 verbose parsed url   search: null,
65 verbose parsed url   query: null,
65 verbose parsed url   pathname: '~0.4.3',
65 verbose parsed url   path: '~0.4.3',
65 verbose parsed url   href: '~0.4.3' }
66 verbose addNamed [ 'grunt-contrib-jshint', '~0.4.3' ]
67 verbose addNamed [ null, '>=0.4.3-0 <0.5.0-0' ]
68 silly lockFile e22b9980-grunt-contrib-jshint-0-4-3 grunt-contrib-jshint@~0.4.3
69 verbose lock grunt-contrib-jshint@~0.4.3 /Users/everitoSan/.npm/e22b9980-grunt-contrib-jshint-0-4-3.lock
70 verbose cache add name="grunt-contrib-cssmin" spec="~0.6.0" args=["grunt-contrib-cssmin","~0.6.0"]
71 verbose parsed url { protocol: null,
71 verbose parsed url   slashes: null,
71 verbose parsed url   auth: null,
71 verbose parsed url   host: null,
71 verbose parsed url   port: null,
71 verbose parsed url   hostname: null,
71 verbose parsed url   hash: null,
71 verbose parsed url   search: null,
71 verbose parsed url   query: null,
71 verbose parsed url   pathname: '~0.6.0',
71 verbose parsed url   path: '~0.6.0',
71 verbose parsed url   href: '~0.6.0' }
72 verbose addNamed [ 'grunt-contrib-cssmin', '~0.6.0' ]
73 verbose addNamed [ null, '>=0.6.0-0 <0.7.0-0' ]
74 silly lockFile 681ad0ec-grunt-contrib-cssmin-0-6-0 grunt-contrib-cssmin@~0.6.0
75 verbose lock grunt-contrib-cssmin@~0.6.0 /Users/everitoSan/.npm/681ad0ec-grunt-contrib-cssmin-0-6-0.lock
76 verbose cache add [ 'grunt-contrib-connect@~0.5.0', null ]
77 verbose cache add name=undefined spec="grunt-contrib-connect@~0.5.0" args=["grunt-contrib-connect@~0.5.0",null]
78 verbose parsed url { protocol: null,
78 verbose parsed url   slashes: null,
78 verbose parsed url   auth: null,
78 verbose parsed url   host: null,
78 verbose parsed url   port: null,
78 verbose parsed url   hostname: null,
78 verbose parsed url   hash: null,
78 verbose parsed url   search: null,
78 verbose parsed url   query: null,
78 verbose parsed url   pathname: 'grunt-contrib-connect@~0.5.0',
78 verbose parsed url   path: 'grunt-contrib-connect@~0.5.0',
78 verbose parsed url   href: 'grunt-contrib-connect@~0.5.0' }
79 verbose cache add [ 'grunt-contrib-watch@~0.5.3', null ]
80 verbose cache add name=undefined spec="grunt-contrib-watch@~0.5.3" args=["grunt-contrib-watch@~0.5.3",null]
81 verbose parsed url { protocol: null,
81 verbose parsed url   slashes: null,
81 verbose parsed url   auth: null,
81 verbose parsed url   host: null,
81 verbose parsed url   port: null,
81 verbose parsed url   hostname: null,
81 verbose parsed url   hash: null,
81 verbose parsed url   search: null,
81 verbose parsed url   query: null,
81 verbose parsed url   pathname: 'grunt-contrib-watch@~0.5.3',
81 verbose parsed url   path: 'grunt-contrib-watch@~0.5.3',
81 verbose parsed url   href: 'grunt-contrib-watch@~0.5.3' }
82 verbose cache add [ 'grunt-connect-proxy@~0.1.5', null ]
83 verbose cache add name=undefined spec="grunt-connect-proxy@~0.1.5" args=["grunt-connect-proxy@~0.1.5",null]
84 verbose parsed url { protocol: null,
84 verbose parsed url   slashes: null,
84 verbose parsed url   auth: null,
84 verbose parsed url   host: null,
84 verbose parsed url   port: null,
84 verbose parsed url   hostname: null,
84 verbose parsed url   hash: null,
84 verbose parsed url   search: null,
84 verbose parsed url   query: null,
84 verbose parsed url   pathname: 'grunt-connect-proxy@~0.1.5',
84 verbose parsed url   path: 'grunt-connect-proxy@~0.1.5',
84 verbose parsed url   href: 'grunt-connect-proxy@~0.1.5' }
85 verbose cache add [ 'grunt-rails-server@git://github.com/joefiorini/grunt-rails-server.git',
85 verbose cache add   null ]
86 verbose cache add name=undefined spec="grunt-rails-server@git://github.com/joefiorini/grunt-rails-server.git" args=["grunt-rails-server@git://github.com/joefiorini/grunt-rails-server.git",null]
87 verbose parsed url { protocol: null,
87 verbose parsed url   slashes: null,
87 verbose parsed url   auth: null,
87 verbose parsed url   host: null,
87 verbose parsed url   port: null,
87 verbose parsed url   hostname: null,
87 verbose parsed url   hash: null,
87 verbose parsed url   search: null,
87 verbose parsed url   query: null,
87 verbose parsed url   pathname: 'grunt-rails-server@git://github.com/joefiorini/grunt-rails-server.git',
87 verbose parsed url   path: 'grunt-rails-server@git://github.com/joefiorini/grunt-rails-server.git',
87 verbose parsed url   href: 'grunt-rails-server@git://github.com/joefiorini/grunt-rails-server.git' }
88 verbose cache add [ 'load-grunt-tasks@~0.1.0', null ]
89 verbose cache add name=undefined spec="load-grunt-tasks@~0.1.0" args=["load-grunt-tasks@~0.1.0",null]
90 verbose parsed url { protocol: null,
90 verbose parsed url   slashes: null,
90 verbose parsed url   auth: null,
90 verbose parsed url   host: null,
90 verbose parsed url   port: null,
90 verbose parsed url   hostname: null,
90 verbose parsed url   hash: null,
90 verbose parsed url   search: null,
90 verbose parsed url   query: null,
90 verbose parsed url   pathname: 'load-grunt-tasks@~0.1.0',
90 verbose parsed url   path: 'load-grunt-tasks@~0.1.0',
90 verbose parsed url   href: 'load-grunt-tasks@~0.1.0' }
91 verbose cache add [ 'almond@~0.2.6', null ]
92 verbose cache add name=undefined spec="almond@~0.2.6" args=["almond@~0.2.6",null]
93 verbose parsed url { protocol: null,
93 verbose parsed url   slashes: null,
93 verbose parsed url   auth: null,
93 verbose parsed url   host: null,
93 verbose parsed url   port: null,
93 verbose parsed url   hostname: null,
93 verbose parsed url   hash: null,
93 verbose parsed url   search: null,
93 verbose parsed url   query: null,
93 verbose parsed url   pathname: 'almond@~0.2.6',
93 verbose parsed url   path: 'almond@~0.2.6',
93 verbose parsed url   href: 'almond@~0.2.6' }
94 verbose cache add [ 'bower@~1.2.0', null ]
95 verbose cache add name=undefined spec="bower@~1.2.0" args=["bower@~1.2.0",null]
96 verbose parsed url { protocol: null,
96 verbose parsed url   slashes: null,
96 verbose parsed url   auth: null,
96 verbose parsed url   host: null,
96 verbose parsed url   port: null,
96 verbose parsed url   hostname: null,
96 verbose parsed url   hash: null,
96 verbose parsed url   search: null,
96 verbose parsed url   query: null,
96 verbose parsed url   pathname: 'bower@~1.2.0',
96 verbose parsed url   path: 'bower@~1.2.0',
96 verbose parsed url   href: 'bower@~1.2.0' }
97 verbose cache add name="grunt-contrib-requirejs" spec="~0.4.1" args=["grunt-contrib-requirejs","~0.4.1"]
98 verbose parsed url { protocol: null,
98 verbose parsed url   slashes: null,
98 verbose parsed url   auth: null,
98 verbose parsed url   host: null,
98 verbose parsed url   port: null,
98 verbose parsed url   hostname: null,
98 verbose parsed url   hash: null,
98 verbose parsed url   search: null,
98 verbose parsed url   query: null,
98 verbose parsed url   pathname: '~0.4.1',
98 verbose parsed url   path: '~0.4.1',
98 verbose parsed url   href: '~0.4.1' }
99 verbose addNamed [ 'grunt-contrib-requirejs', '~0.4.1' ]
100 verbose addNamed [ null, '>=0.4.1-0 <0.5.0-0' ]
101 silly lockFile 334939f7-grunt-contrib-requirejs-0-4-1 grunt-contrib-requirejs@~0.4.1
102 verbose lock grunt-contrib-requirejs@~0.4.1 /Users/everitoSan/.npm/334939f7-grunt-contrib-requirejs-0-4-1.lock
103 silly addNameRange { name: 'grunt-cli',
103 silly addNameRange   range: '>=0.1.7-0 <0.2.0-0',
103 silly addNameRange   hasData: false }
104 silly addNameRange { name: 'grunt', range: '>=0.4.1-0 <0.5.0-0', hasData: false }
105 silly addNameRange { name: 'grunt-contrib-sass',
105 silly addNameRange   range: '>=0.7.3-0 <0.8.0-0',
105 silly addNameRange   hasData: false }
106 verbose cache add name="grunt-contrib-connect" spec="~0.5.0" args=["grunt-contrib-connect","~0.5.0"]
107 verbose parsed url { protocol: null,
107 verbose parsed url   slashes: null,
107 verbose parsed url   auth: null,
107 verbose parsed url   host: null,
107 verbose parsed url   port: null,
107 verbose parsed url   hostname: null,
107 verbose parsed url   hash: null,
107 verbose parsed url   search: null,
107 verbose parsed url   query: null,
107 verbose parsed url   pathname: '~0.5.0',
107 verbose parsed url   path: '~0.5.0',
107 verbose parsed url   href: '~0.5.0' }
108 verbose addNamed [ 'grunt-contrib-connect', '~0.5.0' ]
109 verbose addNamed [ null, '>=0.5.0-0 <0.6.0-0' ]
110 silly lockFile bc7bae3b-grunt-contrib-connect-0-5-0 grunt-contrib-connect@~0.5.0
111 verbose lock grunt-contrib-connect@~0.5.0 /Users/everitoSan/.npm/bc7bae3b-grunt-contrib-connect-0-5-0.lock
112 verbose cache add name="grunt-contrib-watch" spec="~0.5.3" args=["grunt-contrib-watch","~0.5.3"]
113 verbose parsed url { protocol: null,
113 verbose parsed url   slashes: null,
113 verbose parsed url   auth: null,
113 verbose parsed url   host: null,
113 verbose parsed url   port: null,
113 verbose parsed url   hostname: null,
113 verbose parsed url   hash: null,
113 verbose parsed url   search: null,
113 verbose parsed url   query: null,
113 verbose parsed url   pathname: '~0.5.3',
113 verbose parsed url   path: '~0.5.3',
113 verbose parsed url   href: '~0.5.3' }
114 verbose addNamed [ 'grunt-contrib-watch', '~0.5.3' ]
115 verbose addNamed [ null, '>=0.5.3-0 <0.6.0-0' ]
116 silly lockFile b469febc-grunt-contrib-watch-0-5-3 grunt-contrib-watch@~0.5.3
117 verbose lock grunt-contrib-watch@~0.5.3 /Users/everitoSan/.npm/b469febc-grunt-contrib-watch-0-5-3.lock
118 verbose cache add name="grunt-connect-proxy" spec="~0.1.5" args=["grunt-connect-proxy","~0.1.5"]
119 verbose parsed url { protocol: null,
119 verbose parsed url   slashes: null,
119 verbose parsed url   auth: null,
119 verbose parsed url   host: null,
119 verbose parsed url   port: null,
119 verbose parsed url   hostname: null,
119 verbose parsed url   hash: null,
119 verbose parsed url   search: null,
119 verbose parsed url   query: null,
119 verbose parsed url   pathname: '~0.1.5',
119 verbose parsed url   path: '~0.1.5',
119 verbose parsed url   href: '~0.1.5' }
120 verbose addNamed [ 'grunt-connect-proxy', '~0.1.5' ]
121 verbose addNamed [ null, '>=0.1.5-0 <0.2.0-0' ]
122 silly lockFile 83651847-grunt-connect-proxy-0-1-5 grunt-connect-proxy@~0.1.5
123 verbose lock grunt-connect-proxy@~0.1.5 /Users/everitoSan/.npm/83651847-grunt-connect-proxy-0-1-5.lock
124 verbose cache add name="grunt-rails-server" spec="git://github.com/joefiorini/grunt-rails-server.git" args=["grunt-rails-server","git://github.com/joefiorini/grunt-rails-server.git"]
125 verbose parsed url { protocol: 'git:',
125 verbose parsed url   slashes: true,
125 verbose parsed url   auth: null,
125 verbose parsed url   host: 'github.com',
125 verbose parsed url   port: null,
125 verbose parsed url   hostname: 'github.com',
125 verbose parsed url   hash: null,
125 verbose parsed url   search: null,
125 verbose parsed url   query: null,
125 verbose parsed url   pathname: '/joefiorini/grunt-rails-server.git',
125 verbose parsed url   path: '/joefiorini/grunt-rails-server.git',
125 verbose parsed url   href: 'git://github.com/joefiorini/grunt-rails-server.git' }
126 silly lockFile 47ade074-oefiorini-grunt-rails-server-git git://github.com/joefiorini/grunt-rails-server.git
127 verbose lock git://github.com/joefiorini/grunt-rails-server.git /Users/everitoSan/.npm/47ade074-oefiorini-grunt-rails-server-git.lock
128 verbose cache add name="load-grunt-tasks" spec="~0.1.0" args=["load-grunt-tasks","~0.1.0"]
129 verbose parsed url { protocol: null,
129 verbose parsed url   slashes: null,
129 verbose parsed url   auth: null,
129 verbose parsed url   host: null,
129 verbose parsed url   port: null,
129 verbose parsed url   hostname: null,
129 verbose parsed url   hash: null,
129 verbose parsed url   search: null,
129 verbose parsed url   query: null,
129 verbose parsed url   pathname: '~0.1.0',
129 verbose parsed url   path: '~0.1.0',
129 verbose parsed url   href: '~0.1.0' }
130 verbose addNamed [ 'load-grunt-tasks', '~0.1.0' ]
131 verbose addNamed [ null, '>=0.1.0-0 <0.2.0-0' ]
132 silly lockFile b165efd2-load-grunt-tasks-0-1-0 load-grunt-tasks@~0.1.0
133 verbose lock load-grunt-tasks@~0.1.0 /Users/everitoSan/.npm/b165efd2-load-grunt-tasks-0-1-0.lock
134 verbose cache add name="almond" spec="~0.2.6" args=["almond","~0.2.6"]
135 verbose parsed url { protocol: null,
135 verbose parsed url   slashes: null,
135 verbose parsed url   auth: null,
135 verbose parsed url   host: null,
135 verbose parsed url   port: null,
135 verbose parsed url   hostname: null,
135 verbose parsed url   hash: null,
135 verbose parsed url   search: null,
135 verbose parsed url   query: null,
135 verbose parsed url   pathname: '~0.2.6',
135 verbose parsed url   path: '~0.2.6',
135 verbose parsed url   href: '~0.2.6' }
136 verbose addNamed [ 'almond', '~0.2.6' ]
137 verbose addNamed [ null, '>=0.2.6-0 <0.3.0-0' ]
138 silly lockFile c6d1aee6-almond-0-2-6 almond@~0.2.6
139 verbose lock almond@~0.2.6 /Users/everitoSan/.npm/c6d1aee6-almond-0-2-6.lock
140 verbose cache add name="bower" spec="~1.2.0" args=["bower","~1.2.0"]
141 verbose parsed url { protocol: null,
141 verbose parsed url   slashes: null,
141 verbose parsed url   auth: null,
141 verbose parsed url   host: null,
141 verbose parsed url   port: null,
141 verbose parsed url   hostname: null,
141 verbose parsed url   hash: null,
141 verbose parsed url   search: null,
141 verbose parsed url   query: null,
141 verbose parsed url   pathname: '~1.2.0',
141 verbose parsed url   path: '~1.2.0',
141 verbose parsed url   href: '~1.2.0' }
142 verbose addNamed [ 'bower', '~1.2.0' ]
143 verbose addNamed [ null, '>=1.2.0-0 <1.3.0-0' ]
144 silly lockFile aec221ee-bower-1-2-0 bower@~1.2.0
145 verbose lock bower@~1.2.0 /Users/everitoSan/.npm/aec221ee-bower-1-2-0.lock
146 silly addNameRange { name: 'grunt-contrib-copy',
146 silly addNameRange   range: '>=0.4.1-0 <0.5.0-0',
146 silly addNameRange   hasData: false }
147 silly addNameRange { name: 'grunt-contrib-clean',
147 silly addNameRange   range: '>=0.4.1-0 <0.5.0-0',
147 silly addNameRange   hasData: false }
148 silly addNameRange { name: 'grunt-contrib-jshint',
148 silly addNameRange   range: '>=0.4.3-0 <0.5.0-0',
148 silly addNameRange   hasData: false }
149 silly addNameRange { name: 'grunt-contrib-cssmin',
149 silly addNameRange   range: '>=0.6.0-0 <0.7.0-0',
149 silly addNameRange   hasData: false }
150 verbose request where is /grunt-contrib-sass
151 verbose request registry https://registry.npmjs.org/
152 verbose request id b46e406d7b58ed9f
153 verbose url raw /grunt-contrib-sass
154 verbose url resolving [ 'https://registry.npmjs.org/', './grunt-contrib-sass' ]
155 verbose url resolved https://registry.npmjs.org/grunt-contrib-sass
156 verbose request where is https://registry.npmjs.org/grunt-contrib-sass
157 info trying registry request attempt 1 at 18:33:40
158 http GET https://registry.npmjs.org/grunt-contrib-sass
159 silly addNameRange { name: 'grunt-contrib-requirejs',
159 silly addNameRange   range: '>=0.4.1-0 <0.5.0-0',
159 silly addNameRange   hasData: false }
160 silly addNameRange { name: 'grunt-contrib-connect',
160 silly addNameRange   range: '>=0.5.0-0 <0.6.0-0',
160 silly addNameRange   hasData: false }
161 silly addNameRange { name: 'grunt-contrib-watch',
161 silly addNameRange   range: '>=0.5.3-0 <0.6.0-0',
161 silly addNameRange   hasData: false }
162 silly addNameRange { name: 'grunt-connect-proxy',
162 silly addNameRange   range: '>=0.1.5-0 <0.2.0-0',
162 silly addNameRange   hasData: false }
163 verbose addRemoteGit [ 'git://github.com/joefiorini/grunt-rails-server.git',
163 verbose addRemoteGit   'master' ]
164 silly addNameRange { name: 'load-grunt-tasks',
164 silly addNameRange   range: '>=0.1.0-0 <0.2.0-0',
164 silly addNameRange   hasData: false }
165 silly addNameRange { name: 'almond', range: '>=0.2.6-0 <0.3.0-0', hasData: false }
166 silly addNameRange { name: 'bower', range: '>=1.2.0-0 <1.3.0-0', hasData: false }
167 verbose request where is /grunt-contrib-requirejs
168 verbose request registry https://registry.npmjs.org/
169 verbose url raw /grunt-contrib-requirejs
170 verbose url resolving [ 'https://registry.npmjs.org/', './grunt-contrib-requirejs' ]
171 verbose url resolved https://registry.npmjs.org/grunt-contrib-requirejs
172 verbose request where is https://registry.npmjs.org/grunt-contrib-requirejs
173 info trying registry request attempt 1 at 18:33:40
174 http GET https://registry.npmjs.org/grunt-contrib-requirejs
175 verbose request where is /grunt-connect-proxy
176 verbose request registry https://registry.npmjs.org/
177 verbose url raw /grunt-connect-proxy
178 verbose url resolving [ 'https://registry.npmjs.org/', './grunt-connect-proxy' ]
179 verbose url resolved https://registry.npmjs.org/grunt-connect-proxy
180 verbose request where is https://registry.npmjs.org/grunt-connect-proxy
181 info trying registry request attempt 1 at 18:33:40
182 http GET https://registry.npmjs.org/grunt-connect-proxy
183 verbose request where is /almond
184 verbose request registry https://registry.npmjs.org/
185 verbose url raw /almond
186 verbose url resolving [ 'https://registry.npmjs.org/', './almond' ]
187 verbose url resolved https://registry.npmjs.org/almond
188 verbose request where is https://registry.npmjs.org/almond
189 info trying registry request attempt 1 at 18:33:40
190 http GET https://registry.npmjs.org/almond
191 verbose request where is /grunt
192 verbose request registry https://registry.npmjs.org/
193 verbose url raw /grunt
194 verbose url resolving [ 'https://registry.npmjs.org/', './grunt' ]
195 verbose url resolved https://registry.npmjs.org/grunt
196 verbose request where is https://registry.npmjs.org/grunt
197 info trying registry request attempt 1 at 18:33:40
198 verbose etag "3PKQCA2SAYA1C6K6J25XH87V"
199 http GET https://registry.npmjs.org/grunt
200 verbose request where is /grunt-cli
201 verbose request registry https://registry.npmjs.org/
202 verbose url raw /grunt-cli
203 verbose url resolving [ 'https://registry.npmjs.org/', './grunt-cli' ]
204 verbose url resolved https://registry.npmjs.org/grunt-cli
205 verbose request where is https://registry.npmjs.org/grunt-cli
206 info trying registry request attempt 1 at 18:33:40
207 verbose etag "8IRNUW5DNWWC81KLYVNWJT0U1"
208 http GET https://registry.npmjs.org/grunt-cli
209 verbose request where is /grunt-contrib-copy
210 verbose request registry https://registry.npmjs.org/
211 verbose url raw /grunt-contrib-copy
212 verbose url resolving [ 'https://registry.npmjs.org/', './grunt-contrib-copy' ]
213 verbose url resolved https://registry.npmjs.org/grunt-contrib-copy
214 verbose request where is https://registry.npmjs.org/grunt-contrib-copy
215 info trying registry request attempt 1 at 18:33:40
216 verbose etag "32CH70W490F9LCHYQG65L50HB"
217 http GET https://registry.npmjs.org/grunt-contrib-copy
218 verbose request where is /grunt-contrib-clean
219 verbose request registry https://registry.npmjs.org/
220 verbose url raw /grunt-contrib-clean
221 verbose url resolving [ 'https://registry.npmjs.org/', './grunt-contrib-clean' ]
222 verbose url resolved https://registry.npmjs.org/grunt-contrib-clean
223 verbose request where is https://registry.npmjs.org/grunt-contrib-clean
224 info trying registry request attempt 1 at 18:33:40
225 verbose etag "DFFK6DBLT5AJXDZC1AY2BA5ND"
226 http GET https://registry.npmjs.org/grunt-contrib-clean
227 verbose request where is /grunt-contrib-jshint
228 verbose request registry https://registry.npmjs.org/
229 verbose url raw /grunt-contrib-jshint
230 verbose url resolving [ 'https://registry.npmjs.org/', './grunt-contrib-jshint' ]
231 verbose url resolved https://registry.npmjs.org/grunt-contrib-jshint
232 verbose request where is https://registry.npmjs.org/grunt-contrib-jshint
233 info trying registry request attempt 1 at 18:33:40
234 verbose etag "EGI76M5WCXO796R8B61UKUH37"
235 http GET https://registry.npmjs.org/grunt-contrib-jshint
236 verbose request where is /grunt-contrib-cssmin
237 verbose request registry https://registry.npmjs.org/
238 verbose url raw /grunt-contrib-cssmin
239 verbose url resolving [ 'https://registry.npmjs.org/', './grunt-contrib-cssmin' ]
240 verbose url resolved https://registry.npmjs.org/grunt-contrib-cssmin
241 verbose request where is https://registry.npmjs.org/grunt-contrib-cssmin
242 info trying registry request attempt 1 at 18:33:40
243 verbose etag "88W6UQTDNYZPEFN89QPA8FNPS"
244 http GET https://registry.npmjs.org/grunt-contrib-cssmin
245 verbose request where is /grunt-contrib-connect
246 verbose request registry https://registry.npmjs.org/
247 verbose url raw /grunt-contrib-connect
248 verbose url resolving [ 'https://registry.npmjs.org/', './grunt-contrib-connect' ]
249 verbose url resolved https://registry.npmjs.org/grunt-contrib-connect
250 verbose request where is https://registry.npmjs.org/grunt-contrib-connect
251 info trying registry request attempt 1 at 18:33:40
252 verbose etag "1ON8MVVV11PZ56D89QPQY89ZS"
253 http GET https://registry.npmjs.org/grunt-contrib-connect
254 verbose request where is /load-grunt-tasks
255 verbose request registry https://registry.npmjs.org/
256 verbose url raw /load-grunt-tasks
257 verbose url resolving [ 'https://registry.npmjs.org/', './load-grunt-tasks' ]
258 verbose url resolved https://registry.npmjs.org/load-grunt-tasks
259 verbose request where is https://registry.npmjs.org/load-grunt-tasks
260 info trying registry request attempt 1 at 18:33:40
261 verbose etag "6XTZE09P2HOWHAJZTRXUIGKX0"
262 http GET https://registry.npmjs.org/load-grunt-tasks
263 verbose request where is /bower
264 verbose request registry https://registry.npmjs.org/
265 verbose url raw /bower
266 verbose url resolving [ 'https://registry.npmjs.org/', './bower' ]
267 verbose url resolved https://registry.npmjs.org/bower
268 verbose request where is https://registry.npmjs.org/bower
269 info trying registry request attempt 1 at 18:33:40
270 verbose etag "50A3RES67B6RK9EC6SWGEZ9CX"
271 http GET https://registry.npmjs.org/bower
272 verbose request where is /grunt-contrib-watch
273 verbose request registry https://registry.npmjs.org/
274 verbose url raw /grunt-contrib-watch
275 verbose url resolving [ 'https://registry.npmjs.org/', './grunt-contrib-watch' ]
276 verbose url resolved https://registry.npmjs.org/grunt-contrib-watch
277 verbose request where is https://registry.npmjs.org/grunt-contrib-watch
278 info trying registry request attempt 1 at 18:33:40
279 verbose etag "8FX5BFSJMTWZIV02TAS872466"
280 http GET https://registry.npmjs.org/grunt-contrib-watch
281 http 200 https://registry.npmjs.org/grunt
282 silly registry.get cb [ 200,
282 silly registry.get   { date: 'Tue, 17 Mar 2015 00:33:40 GMT',
282 silly registry.get     server: 'CouchDB/1.5.0 (Erlang OTP/R16B03)',
282 silly registry.get     etag: '"C1TXVT67JD5DK8KOBAD0AU8AP"',
282 silly registry.get     'content-type': 'application/json',
282 silly registry.get     'cache-control': 'max-age=60',
282 silly registry.get     'content-length': '88606',
282 silly registry.get     'accept-ranges': 'bytes',
282 silly registry.get     via: '1.1 varnish',
282 silly registry.get     age: '46',
282 silly registry.get     'x-served-by': 'cache-dfw1820-DFW',
282 silly registry.get     'x-cache': 'HIT',
282 silly registry.get     'x-cache-hits': '345',
282 silly registry.get     'x-timer': 'S1426552420.511593,VS0,VE0',
282 silly registry.get     vary: 'Accept',
282 silly registry.get     'keep-alive': 'timeout=10, max=50',
282 silly registry.get     connection: 'Keep-Alive' } ]
283 silly addNameRange number 2 { name: 'grunt', range: '>=0.4.1-0 <0.5.0-0', hasData: true }
284 silly addNameRange versions [ 'grunt',
284 silly addNameRange   [ '0.1.0',
284 silly addNameRange     '0.1.1',
284 silly addNameRange     '0.1.2',
284 silly addNameRange     '0.2.0',
284 silly addNameRange     '0.2.1',
284 silly addNameRange     '0.2.2',
284 silly addNameRange     '0.2.3',
284 silly addNameRange     '0.2.4',
284 silly addNameRange     '0.2.5',
284 silly addNameRange     '0.2.6',
284 silly addNameRange     '0.2.7',
284 silly addNameRange     '0.2.8',
284 silly addNameRange     '0.2.9',
284 silly addNameRange     '0.2.10',
284 silly addNameRange     '0.2.11',
284 silly addNameRange     '0.2.12',
284 silly addNameRange     '0.2.13',
284 silly addNameRange     '0.2.14',
284 silly addNameRange     '0.2.15',
284 silly addNameRange     '0.3.0',
284 silly addNameRange     '0.3.1',
284 silly addNameRange     '0.3.2',
284 silly addNameRange     '0.3.3',
284 silly addNameRange     '0.3.4',
284 silly addNameRange     '0.3.5',
284 silly addNameRange     '0.3.6',
284 silly addNameRange     '0.3.7',
284 silly addNameRange     '0.3.8',
284 silly addNameRange     '0.3.9',
284 silly addNameRange     '0.3.10',
284 silly addNameRange     '0.3.11',
284 silly addNameRange     '0.3.12',
284 silly addNameRange     '0.3.13',
284 silly addNameRange     '0.3.14',
284 silly addNameRange     '0.3.15',
284 silly addNameRange     '0.3.16',
284 silly addNameRange     '0.3.17',
284 silly addNameRange     '0.4.0',
284 silly addNameRange     '0.4.1',
284 silly addNameRange     '0.4.2',
284 silly addNameRange     '0.4.3',
284 silly addNameRange     '0.4.4',
284 silly addNameRange     '0.4.5',
284 silly addNameRange     '0.3.13-a',
284 silly addNameRange     '0.4.0-a',
284 silly addNameRange     '0.4.0-rc1',
284 silly addNameRange     '0.4.0-rc2',
284 silly addNameRange     '0.4.0-rc3',
284 silly addNameRange     '0.4.0-rc4',
284 silly addNameRange     '0.4.0-rc5',
284 silly addNameRange     '0.4.0-rc6',
284 silly addNameRange     '0.4.0-rc7',
284 silly addNameRange     '0.4.0-rc8' ] ]
285 verbose addNamed [ 'grunt', '0.4.5' ]
286 verbose addNamed [ '0.4.5', '0.4.5' ]
287 silly lockFile 81abf7ad-grunt-0-4-5 grunt@0.4.5
288 verbose lock grunt@0.4.5 /Users/everitoSan/.npm/81abf7ad-grunt-0-4-5.lock
289 silly lockFile 81abf7ad-grunt-0-4-5 grunt@0.4.5
290 silly lockFile 81abf7ad-grunt-0-4-5 grunt@0.4.5
291 silly lockFile 766a3bd3-grunt-0-4-1 grunt@~0.4.1
292 silly lockFile 766a3bd3-grunt-0-4-1 grunt@~0.4.1
293 http 200 https://registry.npmjs.org/grunt-cli
294 silly registry.get cb [ 200,
294 silly registry.get   { date: 'Tue, 17 Mar 2015 00:33:40 GMT',
294 silly registry.get     server: 'CouchDB/1.5.0 (Erlang OTP/R16B03)',
294 silly registry.get     etag: '"EY4XILSSTOJ0IB0NFGGHY383F"',
294 silly registry.get     'content-type': 'application/json',
294 silly registry.get     'cache-control': 'max-age=60',
294 silly registry.get     'content-length': '20506',
294 silly registry.get     'accept-ranges': 'bytes',
294 silly registry.get     via: '1.1 varnish',
294 silly registry.get     age: '7',
294 silly registry.get     'x-served-by': 'cache-dfw1820-DFW',
294 silly registry.get     'x-cache': 'HIT',
294 silly registry.get     'x-cache-hits': '1',
294 silly registry.get     'x-timer': 'S1426552420.681321,VS0,VE0',
294 silly registry.get     vary: 'Accept',
294 silly registry.get     'keep-alive': 'timeout=10, max=49',
294 silly registry.get     connection: 'Keep-Alive' } ]
295 silly addNameRange number 2 { name: 'grunt-cli', range: '>=0.1.7-0 <0.2.0-0', hasData: true }
296 silly addNameRange versions [ 'grunt-cli',
296 silly addNameRange   [ '0.1.0',
296 silly addNameRange     '0.1.1',
296 silly addNameRange     '0.1.2',
296 silly addNameRange     '0.1.3',
296 silly addNameRange     '0.1.4',
296 silly addNameRange     '0.1.5',
296 silly addNameRange     '0.1.6',
296 silly addNameRange     '0.1.7',
296 silly addNameRange     '0.1.8',
296 silly addNameRange     '0.1.9',
296 silly addNameRange     '0.1.10',
296 silly addNameRange     '0.1.11',
296 silly addNameRange     '0.1.12',
296 silly addNameRange     '0.1.13' ] ]
297 verbose addNamed [ 'grunt-cli', '0.1.13' ]
298 verbose addNamed [ '0.1.13', '0.1.13' ]
299 silly lockFile 28997503-grunt-cli-0-1-13 grunt-cli@0.1.13
300 verbose lock grunt-cli@0.1.13 /Users/everitoSan/.npm/28997503-grunt-cli-0-1-13.lock
301 silly lockFile 28997503-grunt-cli-0-1-13 grunt-cli@0.1.13
302 silly lockFile 28997503-grunt-cli-0-1-13 grunt-cli@0.1.13
303 silly lockFile 89325b95-grunt-cli-0-1-7 grunt-cli@~0.1.7
304 silly lockFile 89325b95-grunt-cli-0-1-7 grunt-cli@~0.1.7
305 verbose git clone git://github.com/joefiorini/grunt-rails-server.git Cloning into bare repository '/Users/everitoSan/.npm/_git-remotes/git-github-com-joefiorini-grunt-rails-server-git-47ade074'...
306 http 200 https://registry.npmjs.org/grunt-contrib-copy
307 silly registry.get cb [ 200,
307 silly registry.get   { date: 'Tue, 17 Mar 2015 00:33:40 GMT',
307 silly registry.get     server: 'CouchDB/1.5.0 (Erlang OTP/R16B03)',
307 silly registry.get     etag: '"BSB34S4YV65LAR5UUBDJZMLQB"',
307 silly registry.get     'content-type': 'application/json',
307 silly registry.get     'cache-control': 'max-age=60',
307 silly registry.get     'content-length': '32594',
307 silly registry.get     'accept-ranges': 'bytes',
307 silly registry.get     via: '1.1 varnish',
307 silly registry.get     age: '36',
307 silly registry.get     'x-served-by': 'cache-dfw1820-DFW',
307 silly registry.get     'x-cache': 'HIT',
307 silly registry.get     'x-cache-hits': '71',
307 silly registry.get     'x-timer': 'S1426552420.719259,VS0,VE0',
307 silly registry.get     vary: 'Accept',
307 silly registry.get     'keep-alive': 'timeout=10, max=48',
307 silly registry.get     connection: 'Keep-Alive' } ]
308 silly addNameRange number 2 { name: 'grunt-contrib-copy',
308 silly addNameRange   range: '>=0.4.1-0 <0.5.0-0',
308 silly addNameRange   hasData: true }
309 silly addNameRange versions [ 'grunt-contrib-copy',
309 silly addNameRange   [ '0.2.0',
309 silly addNameRange     '0.2.1',
309 silly addNameRange     '0.2.2',
309 silly addNameRange     '0.2.3',
309 silly addNameRange     '0.2.4',
309 silly addNameRange     '0.3.0',
309 silly addNameRange     '0.3.1',
309 silly addNameRange     '0.3.2',
309 silly addNameRange     '0.4.0',
309 silly addNameRange     '0.4.1',
309 silly addNameRange     '0.5.0',
309 silly addNameRange     '0.6.0',
309 silly addNameRange     '0.7.0',
309 silly addNameRange     '0.8.0',
309 silly addNameRange     '0.4.0-rc7' ] ]
310 verbose addNamed [ 'grunt-contrib-copy', '0.4.1' ]
311 verbose addNamed [ '0.4.1', '0.4.1' ]
312 silly lockFile 4dbab511-grunt-contrib-copy-0-4-1 grunt-contrib-copy@0.4.1
313 verbose lock grunt-contrib-copy@0.4.1 /Users/everitoSan/.npm/4dbab511-grunt-contrib-copy-0-4-1.lock
314 http 200 https://registry.npmjs.org/grunt-contrib-requirejs
315 silly registry.get cb [ 200,
315 silly registry.get   { date: 'Tue, 17 Mar 2015 00:33:40 GMT',
315 silly registry.get     server: 'CouchDB/1.5.0 (Erlang OTP/R16B03)',
315 silly registry.get     etag: '"BWYYQKWRLLNEMVGBZPGQBXQP0"',
315 silly registry.get     'content-type': 'application/json',
315 silly registry.get     'cache-control': 'max-age=60',
315 silly registry.get     'content-length': '22211',
315 silly registry.get     'accept-ranges': 'bytes',
315 silly registry.get     via: '1.1 varnish',
315 silly registry.get     age: '0',
315 silly registry.get     'x-served-by': 'cache-dfw1828-DFW',
315 silly registry.get     'x-cache': 'HIT',
315 silly registry.get     'x-cache-hits': '1',
315 silly registry.get     'x-timer': 'S1426552420.509568,VS0,VE189',
315 silly registry.get     vary: 'Accept',
315 silly registry.get     'keep-alive': 'timeout=10, max=50',
315 silly registry.get     connection: 'Keep-Alive' } ]
316 http 200 https://registry.npmjs.org/almond
317 silly registry.get cb [ 200,
317 silly registry.get   { date: 'Tue, 17 Mar 2015 00:33:40 GMT',
317 silly registry.get     server: 'CouchDB/1.5.0 (Erlang OTP/R16B03)',
317 silly registry.get     etag: '"4I5LB9EBU7DEHE9IVVXT7G79V"',
317 silly registry.get     'content-type': 'application/json',
317 silly registry.get     'cache-control': 'max-age=60',
317 silly registry.get     'content-length': '27307',
317 silly registry.get     'accept-ranges': 'bytes',
317 silly registry.get     via: '1.1 varnish',
317 silly registry.get     age: '0',
317 silly registry.get     'x-served-by': 'cache-dfw1827-DFW',
317 silly registry.get     'x-cache': 'HIT',
317 silly registry.get     'x-cache-hits': '1',
317 silly registry.get     'x-timer': 'S1426552420.509065,VS0,VE190',
317 silly registry.get     vary: 'Accept',
317 silly registry.get     'keep-alive': 'timeout=10, max=50',
317 silly registry.get     connection: 'Keep-Alive' } ]
318 silly lockFile 52435995-opy-grunt-contrib-copy-0-4-1-tgz https://registry.npmjs.org/grunt-contrib-copy/-/grunt-contrib-copy-0.4.1.tgz
319 verbose lock https://registry.npmjs.org/grunt-contrib-copy/-/grunt-contrib-copy-0.4.1.tgz /Users/everitoSan/.npm/52435995-opy-grunt-contrib-copy-0-4-1-tgz.lock
320 verbose addRemoteTarball [ 'https://registry.npmjs.org/grunt-contrib-copy/-/grunt-contrib-copy-0.4.1.tgz',
320 verbose addRemoteTarball   'f0753b40ae21bb706daefb0b299e03cdf5fa9d6e' ]
321 silly addNameRange number 2 { name: 'grunt-contrib-requirejs',
321 silly addNameRange   range: '>=0.4.1-0 <0.5.0-0',
321 silly addNameRange   hasData: true }
322 silly addNameRange versions [ 'grunt-contrib-requirejs',
322 silly addNameRange   [ '0.1.0',
322 silly addNameRange     '0.2.0',
322 silly addNameRange     '0.3.0',
322 silly addNameRange     '0.3.2',
322 silly addNameRange     '0.3.3',
322 silly addNameRange     '0.3.4',
322 silly addNameRange     '0.4.0',
322 silly addNameRange     '0.4.1',
322 silly addNameRange     '0.4.2',
322 silly addNameRange     '0.4.3',
322 silly addNameRange     '0.4.4',
322 silly addNameRange     '0.4.0-rc7' ] ]
323 verbose addNamed [ 'grunt-contrib-requirejs', '0.4.4' ]
324 verbose addNamed [ '0.4.4', '0.4.4' ]
325 silly lockFile e2afe6c5-grunt-contrib-requirejs-0-4-4 grunt-contrib-requirejs@0.4.4
326 verbose lock grunt-contrib-requirejs@0.4.4 /Users/everitoSan/.npm/e2afe6c5-grunt-contrib-requirejs-0-4-4.lock
327 silly addNameRange number 2 { name: 'almond', range: '>=0.2.6-0 <0.3.0-0', hasData: true }
328 silly addNameRange versions [ 'almond',
328 silly addNameRange   [ '0.0.3',
328 silly addNameRange     '0.1.0',
328 silly addNameRange     '0.1.1',
328 silly addNameRange     '0.1.2',
328 silly addNameRange     '0.1.3',
328 silly addNameRange     '0.1.4',
328 silly addNameRange     '0.2.0',
328 silly addNameRange     '0.2.1',
328 silly addNameRange     '0.2.2',
328 silly addNameRange     '0.2.3',
328 silly addNameRange     '0.2.4',
328 silly addNameRange     '0.2.5',
328 silly addNameRange     '0.2.6',
328 silly addNameRange     '0.2.7',
328 silly addNameRange     '0.2.8',
328 silly addNameRange     '0.2.9',
328 silly addNameRange     '0.3.0',
328 silly addNameRange     '0.3.1' ] ]
329 verbose addNamed [ 'almond', '0.2.9' ]
330 verbose addNamed [ '0.2.9', '0.2.9' ]
331 silly lockFile c4e9f9e0-almond-0-2-9 almond@0.2.9
332 verbose lock almond@0.2.9 /Users/everitoSan/.npm/c4e9f9e0-almond-0-2-9.lock
333 silly lockFile a8465768-runt-contrib-requirejs-0-4-4-tgz https://registry.npmjs.org/grunt-contrib-requirejs/-/grunt-contrib-requirejs-0.4.4.tgz
334 verbose lock https://registry.npmjs.org/grunt-contrib-requirejs/-/grunt-contrib-requirejs-0.4.4.tgz /Users/everitoSan/.npm/a8465768-runt-contrib-requirejs-0-4-4-tgz.lock
335 info retry fetch attempt 1 at 18:33:40
336 verbose fetch to= /var/folders/6c/7q3zvdnx7v14k8z99k7j40qh0000gn/T/npm-10829-wTcj_rlh/registry.npmjs.org/grunt-contrib-copy/-/grunt-contrib-copy-0.4.1.tgz
337 silly lockFile 423597fb-pmjs-org-almond-almond-0-2-9-tgz https://registry.npmjs.org/almond/-/almond-0.2.9.tgz
338 verbose lock https://registry.npmjs.org/almond/-/almond-0.2.9.tgz /Users/everitoSan/.npm/423597fb-pmjs-org-almond-almond-0-2-9-tgz.lock
339 verbose addRemoteTarball [ 'https://registry.npmjs.org/grunt-contrib-requirejs/-/grunt-contrib-requirejs-0.4.4.tgz',
339 verbose addRemoteTarball   '87f2165a981e48a45d22f8cc5299d0934031b972' ]
340 http GET https://registry.npmjs.org/grunt-contrib-copy/-/grunt-contrib-copy-0.4.1.tgz
341 verbose addRemoteTarball [ 'https://registry.npmjs.org/almond/-/almond-0.2.9.tgz',
341 verbose addRemoteTarball   'ee4543d653a2306d682091c11050d441034f5ed8' ]
342 info retry fetch attempt 1 at 18:33:40
343 verbose fetch to= /var/folders/6c/7q3zvdnx7v14k8z99k7j40qh0000gn/T/npm-10829-wTcj_rlh/registry.npmjs.org/grunt-contrib-requirejs/-/grunt-contrib-requirejs-0.4.4.tgz
344 info retry fetch attempt 1 at 18:33:40
345 verbose fetch to= /var/folders/6c/7q3zvdnx7v14k8z99k7j40qh0000gn/T/npm-10829-wTcj_rlh/registry.npmjs.org/almond/-/almond-0.2.9.tgz
346 http GET https://registry.npmjs.org/grunt-contrib-requirejs/-/grunt-contrib-requirejs-0.4.4.tgz
347 http GET https://registry.npmjs.org/almond/-/almond-0.2.9.tgz
348 http 200 https://registry.npmjs.org/grunt-contrib-clean
349 silly registry.get cb [ 200,
349 silly registry.get   { date: 'Tue, 17 Mar 2015 00:33:40 GMT',
349 silly registry.get     server: 'CouchDB/1.5.0 (Erlang OTP/R16B03)',
349 silly registry.get     etag: '"CJ5RZCNJZLYBTFPUKB23R5F57"',
349 silly registry.get     'content-type': 'application/json',
349 silly registry.get     'cache-control': 'max-age=60',
349 silly registry.get     'content-length': '23222',
349 silly registry.get     'accept-ranges': 'bytes',
349 silly registry.get     via: '1.1 varnish',
349 silly registry.get     age: '7',
349 silly registry.get     'x-served-by': 'cache-dfw1820-DFW',
349 silly registry.get     'x-cache': 'HIT',
349 silly registry.get     'x-cache-hits': '1',
349 silly registry.get     'x-timer': 'S1426552420.782460,VS0,VE0',
349 silly registry.get     vary: 'Accept',
349 silly registry.get     'keep-alive': 'timeout=10, max=47',
349 silly registry.get     connection: 'Keep-Alive' } ]
350 silly addNameRange number 2 { name: 'grunt-contrib-clean',
350 silly addNameRange   range: '>=0.4.1-0 <0.5.0-0',
350 silly addNameRange   hasData: true }
351 silly addNameRange versions [ 'grunt-contrib-clean',
351 silly addNameRange   [ '0.1.0',
351 silly addNameRange     '0.2.0',
351 silly addNameRange     '0.3.0',
351 silly addNameRange     '0.3.1',
351 silly addNameRange     '0.3.2',
351 silly addNameRange     '0.4.0',
351 silly addNameRange     '0.4.1',
351 silly addNameRange     '0.5.0',
351 silly addNameRange     '0.6.0',
351 silly addNameRange     '0.4.0-a',
351 silly addNameRange     '0.4.0-rc5',
351 silly addNameRange     '0.4.0-rc6' ] ]
352 verbose addNamed [ 'grunt-contrib-clean', '0.4.1' ]
353 verbose addNamed [ '0.4.1', '0.4.1' ]
354 silly lockFile d4970290-grunt-contrib-clean-0-4-1 grunt-contrib-clean@0.4.1
355 verbose lock grunt-contrib-clean@0.4.1 /Users/everitoSan/.npm/d4970290-grunt-contrib-clean-0-4-1.lock
356 http 200 https://registry.npmjs.org/grunt-connect-proxy
357 silly registry.get cb [ 200,
357 silly registry.get   { date: 'Tue, 17 Mar 2015 00:33:40 GMT',
357 silly registry.get     server: 'CouchDB/1.5.0 (Erlang OTP/R16B03)',
357 silly registry.get     etag: '"E916E3R2ETXLJPST29J5S2X0T"',
357 silly registry.get     'content-type': 'application/json',
357 silly registry.get     'cache-control': 'max-age=60',
357 silly registry.get     'content-length': '23343',
357 silly registry.get     'accept-ranges': 'bytes',
357 silly registry.get     via: '1.1 varnish',
357 silly registry.get     age: '0',
357 silly registry.get     'x-served-by': 'cache-dfw1831-DFW',
357 silly registry.get     'x-cache': 'HIT',
357 silly registry.get     'x-cache-hits': '1',
357 silly registry.get     'x-timer': 'S1426552420.508850,VS0,VE254',
357 silly registry.get     vary: 'Accept',
357 silly registry.get     'keep-alive': 'timeout=10, max=50',
357 silly registry.get     connection: 'Keep-Alive' } ]
358 silly lockFile 26fa4724-an-grunt-contrib-clean-0-4-1-tgz https://registry.npmjs.org/grunt-contrib-clean/-/grunt-contrib-clean-0.4.1.tgz
359 verbose lock https://registry.npmjs.org/grunt-contrib-clean/-/grunt-contrib-clean-0.4.1.tgz /Users/everitoSan/.npm/26fa4724-an-grunt-contrib-clean-0-4-1-tgz.lock
360 verbose addRemoteTarball [ 'https://registry.npmjs.org/grunt-contrib-clean/-/grunt-contrib-clean-0.4.1.tgz',
360 verbose addRemoteTarball   '7f8f46e2f2a7187e9c2d083ab30262aa6a64e334' ]
361 silly addNameRange number 2 { name: 'grunt-connect-proxy',
361 silly addNameRange   range: '>=0.1.5-0 <0.2.0-0',
361 silly addNameRange   hasData: true }
362 silly addNameRange versions [ 'grunt-connect-proxy',
362 silly addNameRange   [ '0.1.0',
362 silly addNameRange     '0.1.1',
362 silly addNameRange     '0.1.2',
362 silly addNameRange     '0.1.3',
362 silly addNameRange     '0.1.4',
362 silly addNameRange     '0.1.5',
362 silly addNameRange     '0.1.6',
362 silly addNameRange     '0.1.7',
362 silly addNameRange     '0.1.8',
362 silly addNameRange     '0.1.10',
362 silly addNameRange     '0.1.11' ] ]
363 verbose addNamed [ 'grunt-connect-proxy', '0.1.11' ]
364 verbose addNamed [ '0.1.11', '0.1.11' ]
365 silly lockFile 2b948ab8-grunt-connect-proxy-0-1-11 grunt-connect-proxy@0.1.11
366 verbose lock grunt-connect-proxy@0.1.11 /Users/everitoSan/.npm/2b948ab8-grunt-connect-proxy-0-1-11.lock
367 info retry fetch attempt 1 at 18:33:40
368 verbose fetch to= /var/folders/6c/7q3zvdnx7v14k8z99k7j40qh0000gn/T/npm-10829-wTcj_rlh/registry.npmjs.org/grunt-contrib-clean/-/grunt-contrib-clean-0.4.1.tgz
369 http GET https://registry.npmjs.org/grunt-contrib-clean/-/grunt-contrib-clean-0.4.1.tgz
370 silly lockFile 6b3cb588-y-grunt-connect-proxy-0-1-11-tgz https://registry.npmjs.org/grunt-connect-proxy/-/grunt-connect-proxy-0.1.11.tgz
371 verbose lock https://registry.npmjs.org/grunt-connect-proxy/-/grunt-connect-proxy-0.1.11.tgz /Users/everitoSan/.npm/6b3cb588-y-grunt-connect-proxy-0-1-11-tgz.lock
372 verbose addRemoteTarball [ 'https://registry.npmjs.org/grunt-connect-proxy/-/grunt-connect-proxy-0.1.11.tgz',
372 verbose addRemoteTarball   '509298cbeaad3d4d1331bce6278de65cfb4e96de' ]
373 info retry fetch attempt 1 at 18:33:40
374 verbose fetch to= /var/folders/6c/7q3zvdnx7v14k8z99k7j40qh0000gn/T/npm-10829-wTcj_rlh/registry.npmjs.org/grunt-connect-proxy/-/grunt-connect-proxy-0.1.11.tgz
375 http GET https://registry.npmjs.org/grunt-connect-proxy/-/grunt-connect-proxy-0.1.11.tgz
376 http 200 https://registry.npmjs.org/grunt-contrib-cssmin
377 silly registry.get cb [ 200,
377 silly registry.get   { date: 'Tue, 17 Mar 2015 00:33:40 GMT',
377 silly registry.get     server: 'CouchDB/1.5.0 (Erlang OTP/R16B03)',
377 silly registry.get     etag: '"8GJALYA9BZE5KVYYRKA1D1ZWT"',
377 silly registry.get     'content-type': 'application/json',
377 silly registry.get     'cache-control': 'max-age=60',
377 silly registry.get     'content-length': '32872',
377 silly registry.get     'accept-ranges': 'bytes',
377 silly registry.get     via: '1.1 varnish',
377 silly registry.get     age: '7',
377 silly registry.get     'x-served-by': 'cache-dfw1827-DFW',
377 silly registry.get     'x-cache': 'HIT',
377 silly registry.get     'x-cache-hits': '2',
377 silly registry.get     'x-timer': 'S1426552420.788051,VS0,VE0',
377 silly registry.get     vary: 'Accept',
377 silly registry.get     'keep-alive': 'timeout=10, max=49',
377 silly registry.get     connection: 'Keep-Alive' } ]
378 silly addNameRange number 2 { name: 'grunt-contrib-cssmin',
378 silly addNameRange   range: '>=0.6.0-0 <0.7.0-0',
378 silly addNameRange   hasData: true }
379 silly addNameRange versions [ 'grunt-contrib-cssmin',
379 silly addNameRange   [ '0.4.0',
379 silly addNameRange     '0.4.1',
379 silly addNameRange     '0.4.2',
379 silly addNameRange     '0.5.0',
379 silly addNameRange     '0.6.0',
379 silly addNameRange     '0.6.1',
379 silly addNameRange     '0.6.2',
379 silly addNameRange     '0.7.0',
379 silly addNameRange     '0.8.0',
379 silly addNameRange     '0.9.0',
379 silly addNameRange     '0.10.0',
379 silly addNameRange     '0.11.0',
379 silly addNameRange     '0.12.0',
379 silly addNameRange     '0.12.1',
379 silly addNameRange     '0.12.2' ] ]
380 verbose addNamed [ 'grunt-contrib-cssmin', '0.6.2' ]
381 verbose addNamed [ '0.6.2', '0.6.2' ]
382 silly lockFile 5585f5d7-grunt-contrib-cssmin-0-6-2 grunt-contrib-cssmin@0.6.2
383 verbose lock grunt-contrib-cssmin@0.6.2 /Users/everitoSan/.npm/5585f5d7-grunt-contrib-cssmin-0-6-2.lock
384 silly lockFile ed91afc7-n-grunt-contrib-cssmin-0-6-2-tgz https://registry.npmjs.org/grunt-contrib-cssmin/-/grunt-contrib-cssmin-0.6.2.tgz
385 verbose lock https://registry.npmjs.org/grunt-contrib-cssmin/-/grunt-contrib-cssmin-0.6.2.tgz /Users/everitoSan/.npm/ed91afc7-n-grunt-contrib-cssmin-0-6-2-tgz.lock
386 verbose addRemoteTarball [ 'https://registry.npmjs.org/grunt-contrib-cssmin/-/grunt-contrib-cssmin-0.6.2.tgz',
386 verbose addRemoteTarball   '2804dc0e81f98e8a54d61eee84a1d3fe1a3af8e2' ]
387 http 200 https://registry.npmjs.org/grunt-contrib-sass
388 silly registry.get cb [ 200,
388 silly registry.get   { date: 'Tue, 17 Mar 2015 00:33:40 GMT',
388 silly registry.get     server: 'CouchDB/1.5.0 (Erlang OTP/R16B03)',
388 silly registry.get     etag: '"3WQKYCX7PPH9KM5LBH9S31JKA"',
388 silly registry.get     'content-type': 'application/json',
388 silly registry.get     'cache-control': 'max-age=60',
388 silly registry.get     'content-length': '45592',
388 silly registry.get     'accept-ranges': 'bytes',
388 silly registry.get     via: '1.1 varnish',
388 silly registry.get     age: '0',
388 silly registry.get     'x-served-by': 'cache-dfw1828-DFW',
388 silly registry.get     'x-cache': 'HIT',
388 silly registry.get     'x-cache-hits': '1',
388 silly registry.get     'x-timer': 'S1426552420.510846,VS0,VE257',
388 silly registry.get     vary: 'Accept',
388 silly registry.get     'keep-alive': 'timeout=10, max=50',
388 silly registry.get     connection: 'Keep-Alive' } ]
389 info retry fetch attempt 1 at 18:33:40
390 verbose fetch to= /var/folders/6c/7q3zvdnx7v14k8z99k7j40qh0000gn/T/npm-10829-wTcj_rlh/registry.npmjs.org/grunt-contrib-cssmin/-/grunt-contrib-cssmin-0.6.2.tgz
391 http GET https://registry.npmjs.org/grunt-contrib-cssmin/-/grunt-contrib-cssmin-0.6.2.tgz
392 silly addNameRange number 2 { name: 'grunt-contrib-sass',
392 silly addNameRange   range: '>=0.7.3-0 <0.8.0-0',
392 silly addNameRange   hasData: true }
393 silly addNameRange versions [ 'grunt-contrib-sass',
393 silly addNameRange   [ '0.1.0',
393 silly addNameRange     '0.1.1',
393 silly addNameRange     '0.1.2',
393 silly addNameRange     '0.1.3',
393 silly addNameRange     '0.2.0',
393 silly addNameRange     '0.2.1',
393 silly addNameRange     '0.2.2',
393 silly addNameRange     '0.3.0',
393 silly addNameRange     '0.4.0',
393 silly addNameRange     '0.4.1',
393 silly addNameRange     '0.5.0',
393 silly addNameRange     '0.5.1',
393 silly addNameRange     '0.6.0',
393 silly addNameRange     '0.2.2-rc7',
393 silly addNameRange     '0.7.0',
393 silly addNameRange     '0.7.1',
393 silly addNameRange     '0.7.2',
393 silly addNameRange     '0.7.3',
393 silly addNameRange     '0.7.4',
393 silly addNameRange     '0.8.0',
393 silly addNameRange     '0.8.1',
393 silly addNameRange     '0.9.0',
393 silly addNameRange     '0.9.1',
393 silly addNameRange     '0.9.2' ] ]
394 verbose addNamed [ 'grunt-contrib-sass', '0.7.4' ]
395 verbose addNamed [ '0.7.4', '0.7.4' ]
396 silly lockFile 99ee2b83-grunt-contrib-sass-0-7-4 grunt-contrib-sass@0.7.4
397 verbose lock grunt-contrib-sass@0.7.4 /Users/everitoSan/.npm/99ee2b83-grunt-contrib-sass-0-7-4.lock
398 silly lockFile 14e8edd6-ass-grunt-contrib-sass-0-7-4-tgz https://registry.npmjs.org/grunt-contrib-sass/-/grunt-contrib-sass-0.7.4.tgz
399 verbose lock https://registry.npmjs.org/grunt-contrib-sass/-/grunt-contrib-sass-0.7.4.tgz /Users/everitoSan/.npm/14e8edd6-ass-grunt-contrib-sass-0-7-4-tgz.lock
400 http 200 https://registry.npmjs.org/grunt-contrib-jshint
401 silly registry.get cb [ 200,
401 silly registry.get   { date: 'Tue, 17 Mar 2015 00:33:40 GMT',
401 silly registry.get     server: 'CouchDB/1.5.0 (Erlang OTP/R16B03)',
401 silly registry.get     etag: '"33FYVF2E7G2AZOMIH69OUKP8H"',
401 silly registry.get     'content-type': 'application/json',
401 silly registry.get     'cache-control': 'max-age=60',
401 silly registry.get     'content-length': '54154',
401 silly registry.get     'accept-ranges': 'bytes',
401 silly registry.get     via: '1.1 varnish',
401 silly registry.get     age: '7',
401 silly registry.get     'x-served-by': 'cache-dfw1828-DFW',
401 silly registry.get     'x-cache': 'HIT',
401 silly registry.get     'x-cache-hits': '1',
401 silly registry.get     'x-timer': 'S1426552420.787864,VS0,VE0',
401 silly registry.get     vary: 'Accept',
401 silly registry.get     'keep-alive': 'timeout=10, max=49',
401 silly registry.get     connection: 'Keep-Alive' } ]
402 verbose addRemoteTarball [ 'https://registry.npmjs.org/grunt-contrib-sass/-/grunt-contrib-sass-0.7.4.tgz',
402 verbose addRemoteTarball   '1de0f7c3bc40f15254e135777b5f094c921e9564' ]
403 info retry fetch attempt 1 at 18:33:40
404 verbose fetch to= /var/folders/6c/7q3zvdnx7v14k8z99k7j40qh0000gn/T/npm-10829-wTcj_rlh/registry.npmjs.org/grunt-contrib-sass/-/grunt-contrib-sass-0.7.4.tgz
405 http GET https://registry.npmjs.org/grunt-contrib-sass/-/grunt-contrib-sass-0.7.4.tgz
406 silly addNameRange number 2 { name: 'grunt-contrib-jshint',
406 silly addNameRange   range: '>=0.4.3-0 <0.5.0-0',
406 silly addNameRange   hasData: true }
407 silly addNameRange versions [ 'grunt-contrib-jshint',
407 silly addNameRange   [ '0.1.0',
407 silly addNameRange     '0.1.1',
407 silly addNameRange     '0.2.0',
407 silly addNameRange     '0.3.0',
407 silly addNameRange     '0.4.0',
407 silly addNameRange     '0.4.1',
407 silly addNameRange     '0.4.2',
407 silly addNameRange     '0.4.3',
407 silly addNameRange     '0.5.0',
407 silly addNameRange     '0.5.1',
407 silly addNameRange     '0.5.2',
407 silly addNameRange     '0.5.3',
407 silly addNameRange     '0.5.4',
407 silly addNameRange     '0.6.0',
407 silly addNameRange     '0.6.1',
407 silly addNameRange     '0.6.2',
407 silly addNameRange     '0.6.3',
407 silly addNameRange     '0.6.4',
407 silly addNameRange     '0.6.5',
407 silly addNameRange     '0.7.0',
407 silly addNameRange     '0.7.1',
407 silly addNameRange     '0.7.2',
407 silly addNameRange     '0.8.0',
407 silly addNameRange     '0.9.0',
407 silly addNameRange     '0.9.1',
407 silly addNameRange     '0.9.2',
407 silly addNameRange     '0.10.0',
407 silly addNameRange     '0.11.0',
407 silly addNameRange     '0.1.1-rc5',
407 silly addNameRange     '0.1.1-rc6' ] ]
408 verbose addNamed [ 'grunt-contrib-jshint', '0.4.3' ]
409 verbose addNamed [ '0.4.3', '0.4.3' ]
410 silly lockFile 86aa07b7-grunt-contrib-jshint-0-4-3 grunt-contrib-jshint@0.4.3
411 verbose lock grunt-contrib-jshint@0.4.3 /Users/everitoSan/.npm/86aa07b7-grunt-contrib-jshint-0-4-3.lock
412 silly lockFile 9b434032-t-grunt-contrib-jshint-0-4-3-tgz https://registry.npmjs.org/grunt-contrib-jshint/-/grunt-contrib-jshint-0.4.3.tgz
413 verbose lock https://registry.npmjs.org/grunt-contrib-jshint/-/grunt-contrib-jshint-0.4.3.tgz /Users/everitoSan/.npm/9b434032-t-grunt-contrib-jshint-0-4-3-tgz.lock
414 http 200 https://registry.npmjs.org/load-grunt-tasks
415 silly registry.get cb [ 200,
415 silly registry.get   { date: 'Tue, 17 Mar 2015 00:33:40 GMT',
415 silly registry.get     server: 'CouchDB/1.5.0 (Erlang OTP/R16B03)',
415 silly registry.get     etag: '"1I1L9U9ZJY4KI9LXPJS64UX1V"',
415 silly registry.get     'content-type': 'application/json',
415 silly registry.get     'cache-control': 'max-age=60',
415 silly registry.get     'content-length': '21564',
415 silly registry.get     'accept-ranges': 'bytes',
415 silly registry.get     via: '1.1 varnish',
415 silly registry.get     age: '46',
415 silly registry.get     'x-served-by': 'cache-dfw1831-DFW',
415 silly registry.get     'x-cache': 'HIT',
415 silly registry.get     'x-cache-hits': '1',
415 silly registry.get     'x-timer': 'S1426552420.852274,VS0,VE0',
415 silly registry.get     vary: 'Accept',
415 silly registry.get     'keep-alive': 'timeout=10, max=49',
415 silly registry.get     connection: 'Keep-Alive' } ]
416 verbose addRemoteTarball [ 'https://registry.npmjs.org/grunt-contrib-jshint/-/grunt-contrib-jshint-0.4.3.tgz',
416 verbose addRemoteTarball   'efd6cefe84fcac143e42513cdae73678c5220793' ]
417 info retry fetch attempt 1 at 18:33:40
418 verbose fetch to= /var/folders/6c/7q3zvdnx7v14k8z99k7j40qh0000gn/T/npm-10829-wTcj_rlh/registry.npmjs.org/grunt-contrib-jshint/-/grunt-contrib-jshint-0.4.3.tgz
419 http GET https://registry.npmjs.org/grunt-contrib-jshint/-/grunt-contrib-jshint-0.4.3.tgz
420 silly addNameRange number 2 { name: 'load-grunt-tasks',
420 silly addNameRange   range: '>=0.1.0-0 <0.2.0-0',
420 silly addNameRange   hasData: true }
421 silly addNameRange versions [ 'load-grunt-tasks',
421 silly addNameRange   [ '0.1.0',
421 silly addNameRange     '0.1.1',
421 silly addNameRange     '0.1.2',
421 silly addNameRange     '0.1.3',
421 silly addNameRange     '0.2.0',
421 silly addNameRange     '0.2.1',
421 silly addNameRange     '0.3.0',
421 silly addNameRange     '0.4.0',
421 silly addNameRange     '0.5.0',
421 silly addNameRange     '0.6.0',
421 silly addNameRange     '1.0.0',
421 silly addNameRange     '2.0.0',
421 silly addNameRange     '3.0.0',
421 silly addNameRange     '3.1.0' ] ]
422 verbose addNamed [ 'load-grunt-tasks', '0.1.3' ]
423 verbose addNamed [ '0.1.3', '0.1.3' ]
424 silly lockFile ac2d87de-load-grunt-tasks-0-1-3 load-grunt-tasks@0.1.3
425 verbose lock load-grunt-tasks@0.1.3 /Users/everitoSan/.npm/ac2d87de-load-grunt-tasks-0-1-3.lock
426 silly lockFile 83d869b8-tasks-load-grunt-tasks-0-1-3-tgz https://registry.npmjs.org/load-grunt-tasks/-/load-grunt-tasks-0.1.3.tgz
427 verbose lock https://registry.npmjs.org/load-grunt-tasks/-/load-grunt-tasks-0.1.3.tgz /Users/everitoSan/.npm/83d869b8-tasks-load-grunt-tasks-0-1-3-tgz.lock
428 verbose addRemoteTarball [ 'https://registry.npmjs.org/load-grunt-tasks/-/load-grunt-tasks-0.1.3.tgz',
428 verbose addRemoteTarball   '9a1e42d5405b7b7cab43f93d47767dfd0af39851' ]
429 info retry fetch attempt 1 at 18:33:40
430 verbose fetch to= /var/folders/6c/7q3zvdnx7v14k8z99k7j40qh0000gn/T/npm-10829-wTcj_rlh/registry.npmjs.org/load-grunt-tasks/-/load-grunt-tasks-0.1.3.tgz
431 http GET https://registry.npmjs.org/load-grunt-tasks/-/load-grunt-tasks-0.1.3.tgz
432 verbose git fetch -a origin (git://github.com/joefiorini/grunt-rails-server.git)
433 verbose git rev-list -n1 master ce3dc403a0e1ad0f30e5a828b792c76a4bdb4b73
434 verbose resolved git url git://github.com/joefiorini/grunt-rails-server.git#ce3dc403a0e1ad0f30e5a828b792c76a4bdb4b73
435 http 200 https://registry.npmjs.org/grunt-contrib-requirejs/-/grunt-contrib-requirejs-0.4.4.tgz
436 http 200 https://registry.npmjs.org/almond/-/almond-0.2.9.tgz
437 http 200 https://registry.npmjs.org/grunt-contrib-copy/-/grunt-contrib-copy-0.4.1.tgz
438 verbose tar unpack /var/folders/6c/7q3zvdnx7v14k8z99k7j40qh0000gn/T/npm-10829-wTcj_rlh/1426552420925-0.9610949147026986/tmp.tgz
439 silly lockFile ee929634--9610949147026986-tmp-tgz-unpack tar:///var/folders/6c/7q3zvdnx7v14k8z99k7j40qh0000gn/T/npm-10829-wTcj_rlh/1426552420925-0.9610949147026986/tmp.tgz-unpack
440 verbose lock tar:///var/folders/6c/7q3zvdnx7v14k8z99k7j40qh0000gn/T/npm-10829-wTcj_rlh/1426552420925-0.9610949147026986/tmp.tgz-unpack /Users/everitoSan/.npm/ee929634--9610949147026986-tmp-tgz-unpack.lock
441 silly lockFile 8311cbf3-20925-0-9610949147026986-tmp-tgz tar:///var/folders/6c/7q3zvdnx7v14k8z99k7j40qh0000gn/T/npm-10829-wTcj_rlh/1426552420925-0.9610949147026986/tmp.tgz
442 verbose lock tar:///var/folders/6c/7q3zvdnx7v14k8z99k7j40qh0000gn/T/npm-10829-wTcj_rlh/1426552420925-0.9610949147026986/tmp.tgz /Users/everitoSan/.npm/8311cbf3-20925-0-9610949147026986-tmp-tgz.lock
443 silly gunzTarPerm modes [ '755', '644' ]
444 http 200 https://registry.npmjs.org/bower
445 silly registry.get cb [ 200,
445 silly registry.get   { date: 'Tue, 17 Mar 2015 00:33:40 GMT',
445 silly registry.get     server: 'CouchDB/1.5.0 (Erlang OTP/R16B03)',
445 silly registry.get     etag: '"45XL6N8489GEI2JKZH71H1U2Y"',
445 silly registry.get     'content-type': 'application/json',
445 silly registry.get     'cache-control': 'max-age=60',
445 silly registry.get     'content-length': '106127',
445 silly registry.get     'accept-ranges': 'bytes',
445 silly registry.get     via: '1.1 varnish',
445 silly registry.get     age: '13',
445 silly registry.get     'x-served-by': 'cache-dfw1827-DFW',
445 silly registry.get     'x-cache': 'HIT',
445 silly registry.get     'x-cache-hits': '1',
445 silly registry.get     'x-timer': 'S1426552420.882942,VS0,VE0',
445 silly registry.get     vary: 'Accept',
445 silly registry.get     'keep-alive': 'timeout=10, max=48',
445 silly registry.get     connection: 'Keep-Alive' } ]
446 http 200 https://registry.npmjs.org/grunt-contrib-watch
447 silly registry.get cb [ 200,
447 silly registry.get   { date: 'Tue, 17 Mar 2015 00:33:40 GMT',
447 silly registry.get     server: 'CouchDB/1.5.0 (Erlang OTP/R16B03)',
447 silly registry.get     etag: '"EZVVEMNNZCFQV2KFYKLL0HPE7"',
447 silly registry.get     'content-type': 'application/json',
447 silly registry.get     'cache-control': 'max-age=60',
447 silly registry.get     'content-length': '58275',
447 silly registry.get     'accept-ranges': 'bytes',
447 silly registry.get     via: '1.1 varnish',
447 silly registry.get     age: '7',
447 silly registry.get     'x-served-by': 'cache-dfw1828-DFW',
447 silly registry.get     'x-cache': 'HIT',
447 silly registry.get     'x-cache-hits': '1',
447 silly registry.get     'x-timer': 'S1426552420.893427,VS0,VE0',
447 silly registry.get     vary: 'Accept',
447 silly registry.get     'keep-alive': 'timeout=10, max=49',
447 silly registry.get     connection: 'Keep-Alive' } ]
448 silly lockFile a8465768-runt-contrib-requirejs-0-4-4-tgz https://registry.npmjs.org/grunt-contrib-requirejs/-/grunt-contrib-requirejs-0.4.4.tgz
449 silly lockFile a8465768-runt-contrib-requirejs-0-4-4-tgz https://registry.npmjs.org/grunt-contrib-requirejs/-/grunt-contrib-requirejs-0.4.4.tgz
450 silly gunzTarPerm extractEntry
451 silly gunzTarPerm modified mode [ '', 509, 493 ]
452 http 200 https://registry.npmjs.org/grunt-contrib-clean/-/grunt-contrib-clean-0.4.1.tgz
453 http 200 https://registry.npmjs.org/grunt-contrib-sass/-/grunt-contrib-sass-0.7.4.tgz
454 silly lockFile 52435995-opy-grunt-contrib-copy-0-4-1-tgz https://registry.npmjs.org/grunt-contrib-copy/-/grunt-contrib-copy-0.4.1.tgz
455 silly lockFile 52435995-opy-grunt-contrib-copy-0-4-1-tgz https://registry.npmjs.org/grunt-contrib-copy/-/grunt-contrib-copy-0.4.1.tgz
456 silly lockFile e2afe6c5-grunt-contrib-requirejs-0-4-4 grunt-contrib-requirejs@0.4.4
457 silly lockFile e2afe6c5-grunt-contrib-requirejs-0-4-4 grunt-contrib-requirejs@0.4.4
458 silly lockFile 423597fb-pmjs-org-almond-almond-0-2-9-tgz https://registry.npmjs.org/almond/-/almond-0.2.9.tgz
459 silly lockFile 423597fb-pmjs-org-almond-almond-0-2-9-tgz https://registry.npmjs.org/almond/-/almond-0.2.9.tgz
460 silly lockFile 4dbab511-grunt-contrib-copy-0-4-1 grunt-contrib-copy@0.4.1
461 silly lockFile 4dbab511-grunt-contrib-copy-0-4-1 grunt-contrib-copy@0.4.1
462 silly lockFile 334939f7-grunt-contrib-requirejs-0-4-1 grunt-contrib-requirejs@~0.4.1
463 silly lockFile 334939f7-grunt-contrib-requirejs-0-4-1 grunt-contrib-requirejs@~0.4.1
464 silly lockFile c4e9f9e0-almond-0-2-9 almond@0.2.9
465 silly lockFile c4e9f9e0-almond-0-2-9 almond@0.2.9
466 silly lockFile c84f658a-grunt-contrib-copy-0-4-1 grunt-contrib-copy@~0.4.1
467 silly lockFile c84f658a-grunt-contrib-copy-0-4-1 grunt-contrib-copy@~0.4.1
468 silly lockFile c6d1aee6-almond-0-2-6 almond@~0.2.6
469 silly lockFile c6d1aee6-almond-0-2-6 almond@~0.2.6
470 silly addNameRange number 2 { name: 'bower', range: '>=1.2.0-0 <1.3.0-0', hasData: true }
471 silly addNameRange versions [ 'bower',
471 silly addNameRange   [ '0.1.0',
471 silly addNameRange     '0.1.2',
471 silly addNameRange     '0.1.3',
471 silly addNameRange     '0.2.0',
471 silly addNameRange     '0.3.0',
471 silly addNameRange     '0.3.1',
471 silly addNameRange     '0.3.2',
471 silly addNameRange     '0.4.0',
471 silly addNameRange     '0.5.0',
471 silly addNameRange     '0.5.1',
471 silly addNameRange     '0.6.0',
471 silly addNameRange     '0.6.1',
471 silly addNameRange     '0.6.2',
471 silly addNameRange     '0.6.3',
471 silly addNameRange     '0.6.4',
471 silly addNameRange     '0.6.5',
471 silly addNameRange     '0.6.6',
471 silly addNameRange     '0.6.7',
471 silly addNameRange     '0.6.8',
471 silly addNameRange     '0.7.0',
471 silly addNameRange     '0.7.1',
471 silly addNameRange     '0.8.0',
471 silly addNameRange     '0.8.1',
471 silly addNameRange     '0.8.2',
471 silly addNameRange     '0.8.3',
471 silly addNameRange     '0.8.4',
471 silly addNameRange     '0.8.5',
471 silly addNameRange     '0.8.6',
471 silly addNameRange     '0.9.0',
471 silly addNameRange     '0.9.1',
471 silly addNameRange     '0.9.2',
471 silly addNameRange     '0.10.0',
471 silly addNameRange     '1.0.0',
471 silly addNameRange     '1.0.1',
471 silly addNameRange     '1.0.2',
471 silly addNameRange     '1.0.3',
471 silly addNameRange     '1.1.0',
471 silly addNameRange     '1.1.1',
471 silly addNameRange     '1.1.2',
471 silly addNameRange     '1.2.0',
471 silly addNameRange     '1.2.1',
471 silly addNameRange     '1.2.2',
471 silly addNameRange     '1.2.3',
471 silly addNameRange     '1.2.4',
471 silly addNameRange     '1.2.5',
471 silly addNameRange     '1.2.6',
471 silly addNameRange     '1.2.7',
471 silly addNameRange     '1.2.8',
471 silly addNameRange     '1.3.0',
471 silly addNameRange     '1.3.1',
471 silly addNameRange     '1.3.2',
471 silly addNameRange     '1.3.3',
471 silly addNameRange     '1.3.4',
471 silly addNameRange     '1.3.5',
471 silly addNameRange     '1.3.6',
471 silly addNameRange     '1.3.7',
471 silly addNameRange     '1.3.8',
471 silly addNameRange     '1.3.9',
471 silly addNameRange     '1.3.10',
471 silly addNameRange     '1.3.11',
471 silly addNameRange     '1.3.12' ] ]
472 verbose addNamed [ 'bower', '1.2.8' ]
473 verbose addNamed [ '1.2.8', '1.2.8' ]
474 silly lockFile f0910d34-bower-1-2-8 bower@1.2.8
475 verbose lock bower@1.2.8 /Users/everitoSan/.npm/f0910d34-bower-1-2-8.lock
476 silly addNameRange number 2 { name: 'grunt-contrib-watch',
476 silly addNameRange   range: '>=0.5.3-0 <0.6.0-0',
476 silly addNameRange   hasData: true }
477 silly addNameRange versions [ 'grunt-contrib-watch',
477 silly addNameRange   [ '0.1.0',
477 silly addNameRange     '0.1.1',
477 silly addNameRange     '0.1.2',
477 silly addNameRange     '0.1.3',
477 silly addNameRange     '0.1.4',
477 silly addNameRange     '0.2.0',
477 silly addNameRange     '0.3.0',
477 silly addNameRange     '0.3.1',
477 silly addNameRange     '0.4.0',
477 silly addNameRange     '0.4.1',
477 silly addNameRange     '0.4.2',
477 silly addNameRange     '0.4.3',
477 silly addNameRange     '0.4.4',
477 silly addNameRange     '0.5.0',
477 silly addNameRange     '0.5.1',
477 silly addNameRange     '0.5.2',
477 silly addNameRange     '0.5.3',
477 silly addNameRange     '0.6.0',
477 silly addNameRange     '0.6.1',
477 silly addNameRange     '0.2.0-a',
477 silly addNameRange     '0.2.0-rc5',
477 silly addNameRange     '0.2.0-rc7' ] ]
478 verbose addNamed [ 'grunt-contrib-watch', '0.5.3' ]
479 verbose addNamed [ '0.5.3', '0.5.3' ]
480 silly lockFile d70d7cec-grunt-contrib-watch-0-5-3 grunt-contrib-watch@0.5.3
481 verbose lock grunt-contrib-watch@0.5.3 /Users/everitoSan/.npm/d70d7cec-grunt-contrib-watch-0-5-3.lock
482 silly gunzTarPerm extractEntry .gitignore
483 silly gunzTarPerm modified mode [ '.gitignore', 436, 420 ]
484 silly gunzTarPerm extractEntry .jshintrc
485 silly gunzTarPerm modified mode [ '.jshintrc', 436, 420 ]
486 silly gunzTarPerm extractEntry Gruntfile.js
487 silly gunzTarPerm modified mode [ 'Gruntfile.js', 436, 420 ]
488 silly lockFile f9776a33--npmjs-org-bower-bower-1-2-8-tgz https://registry.npmjs.org/bower/-/bower-1.2.8.tgz
489 verbose lock https://registry.npmjs.org/bower/-/bower-1.2.8.tgz /Users/everitoSan/.npm/f9776a33--npmjs-org-bower-bower-1-2-8-tgz.lock
490 silly lockFile 5dca6013-ch-grunt-contrib-watch-0-5-3-tgz https://registry.npmjs.org/grunt-contrib-watch/-/grunt-contrib-watch-0.5.3.tgz
491 verbose lock https://registry.npmjs.org/grunt-contrib-watch/-/grunt-contrib-watch-0.5.3.tgz /Users/everitoSan/.npm/5dca6013-ch-grunt-contrib-watch-0-5-3-tgz.lock
492 verbose addRemoteTarball [ 'https://registry.npmjs.org/bower/-/bower-1.2.8.tgz',
492 verbose addRemoteTarball   'f63c0804a267d5ffaf2fd3fd488367e73dce202f' ]
493 verbose addRemoteTarball [ 'https://registry.npmjs.org/grunt-contrib-watch/-/grunt-contrib-watch-0.5.3.tgz',
493 verbose addRemoteTarball   '7d9eb5465d506fa14faaca47e6e8790a82c1c9ee' ]
494 silly gunzTarPerm extractEntry LICENSE-MIT
495 silly gunzTarPerm modified mode [ 'LICENSE-MIT', 436, 420 ]
496 silly gunzTarPerm extractEntry README.md
497 silly gunzTarPerm modified mode [ 'README.md', 436, 420 ]
498 http 200 https://registry.npmjs.org/load-grunt-tasks/-/load-grunt-tasks-0.1.3.tgz
499 info retry fetch attempt 1 at 18:33:41
500 verbose fetch to= /var/folders/6c/7q3zvdnx7v14k8z99k7j40qh0000gn/T/npm-10829-wTcj_rlh/registry.npmjs.org/bower/-/bower-1.2.8.tgz
501 info retry fetch attempt 1 at 18:33:41
502 verbose fetch to= /var/folders/6c/7q3zvdnx7v14k8z99k7j40qh0000gn/T/npm-10829-wTcj_rlh/registry.npmjs.org/grunt-contrib-watch/-/grunt-contrib-watch-0.5.3.tgz
503 http GET https://registry.npmjs.org/bower/-/bower-1.2.8.tgz
504 http GET https://registry.npmjs.org/grunt-contrib-watch/-/grunt-contrib-watch-0.5.3.tgz
505 silly lockFile 26fa4724-an-grunt-contrib-clean-0-4-1-tgz https://registry.npmjs.org/grunt-contrib-clean/-/grunt-contrib-clean-0.4.1.tgz
506 silly lockFile 26fa4724-an-grunt-contrib-clean-0-4-1-tgz https://registry.npmjs.org/grunt-contrib-clean/-/grunt-contrib-clean-0.4.1.tgz
507 silly lockFile d4970290-grunt-contrib-clean-0-4-1 grunt-contrib-clean@0.4.1
508 silly lockFile d4970290-grunt-contrib-clean-0-4-1 grunt-contrib-clean@0.4.1
509 silly gunzTarPerm extractEntry package.json
510 silly gunzTarPerm modified mode [ 'package.json', 436, 420 ]
511 silly gunzTarPerm extractEntry tasks/
512 silly gunzTarPerm modified mode [ 'tasks/', 509, 493 ]
513 silly lockFile 6475a015-grunt-contrib-clean-0-4-1 grunt-contrib-clean@~0.4.1
514 silly lockFile 6475a015-grunt-contrib-clean-0-4-1 grunt-contrib-clean@~0.4.1
515 silly lockFile 14e8edd6-ass-grunt-contrib-sass-0-7-4-tgz https://registry.npmjs.org/grunt-contrib-sass/-/grunt-contrib-sass-0.7.4.tgz
516 silly lockFile 14e8edd6-ass-grunt-contrib-sass-0-7-4-tgz https://registry.npmjs.org/grunt-contrib-sass/-/grunt-contrib-sass-0.7.4.tgz
517 silly lockFile 99ee2b83-grunt-contrib-sass-0-7-4 grunt-contrib-sass@0.7.4
518 silly lockFile 99ee2b83-grunt-contrib-sass-0-7-4 grunt-contrib-sass@0.7.4
519 silly lockFile 1b11a44c-grunt-contrib-sass-0-7-3 grunt-contrib-sass@~0.7.3
520 silly lockFile 1b11a44c-grunt-contrib-sass-0-7-3 grunt-contrib-sass@~0.7.3
521 silly gunzTarPerm extractEntry tasks/rails.js
522 silly gunzTarPerm modified mode [ 'tasks/rails.js', 436, 420 ]
523 silly lockFile 83d869b8-tasks-load-grunt-tasks-0-1-3-tgz https://registry.npmjs.org/load-grunt-tasks/-/load-grunt-tasks-0.1.3.tgz
524 silly lockFile 83d869b8-tasks-load-grunt-tasks-0-1-3-tgz https://registry.npmjs.org/load-grunt-tasks/-/load-grunt-tasks-0.1.3.tgz
525 silly lockFile ac2d87de-load-grunt-tasks-0-1-3 load-grunt-tasks@0.1.3
526 silly lockFile ac2d87de-load-grunt-tasks-0-1-3 load-grunt-tasks@0.1.3
527 silly lockFile b165efd2-load-grunt-tasks-0-1-0 load-grunt-tasks@~0.1.0
528 silly lockFile b165efd2-load-grunt-tasks-0-1-0 load-grunt-tasks@~0.1.0
529 silly lockFile ee929634--9610949147026986-tmp-tgz-unpack tar:///var/folders/6c/7q3zvdnx7v14k8z99k7j40qh0000gn/T/npm-10829-wTcj_rlh/1426552420925-0.9610949147026986/tmp.tgz-unpack
530 silly lockFile ee929634--9610949147026986-tmp-tgz-unpack tar:///var/folders/6c/7q3zvdnx7v14k8z99k7j40qh0000gn/T/npm-10829-wTcj_rlh/1426552420925-0.9610949147026986/tmp.tgz-unpack
531 silly lockFile 8311cbf3-20925-0-9610949147026986-tmp-tgz tar:///var/folders/6c/7q3zvdnx7v14k8z99k7j40qh0000gn/T/npm-10829-wTcj_rlh/1426552420925-0.9610949147026986/tmp.tgz
532 silly lockFile 8311cbf3-20925-0-9610949147026986-tmp-tgz tar:///var/folders/6c/7q3zvdnx7v14k8z99k7j40qh0000gn/T/npm-10829-wTcj_rlh/1426552420925-0.9610949147026986/tmp.tgz
533 silly lockFile 47ade074-oefiorini-grunt-rails-server-git git://github.com/joefiorini/grunt-rails-server.git
534 silly lockFile 47ade074-oefiorini-grunt-rails-server-git git://github.com/joefiorini/grunt-rails-server.git
535 http 200 https://registry.npmjs.org/grunt-contrib-connect
536 silly registry.get cb [ 200,
536 silly registry.get   { date: 'Tue, 17 Mar 2015 00:33:41 GMT',
536 silly registry.get     server: 'CouchDB/1.5.0 (Erlang OTP/R16B03)',
536 silly registry.get     etag: '"A6MFA1H8KTXL8W32H9PWKUGW"',
536 silly registry.get     'content-type': 'application/json',
536 silly registry.get     'cache-control': 'max-age=60',
536 silly registry.get     'content-length': '40648',
536 silly registry.get     'accept-ranges': 'bytes',
536 silly registry.get     via: '1.1 varnish',
536 silly registry.get     age: '0',
536 silly registry.get     'x-served-by': 'cache-dfw1820-DFW',
536 silly registry.get     'x-cache': 'HIT',
536 silly registry.get     'x-cache-hits': '1',
536 silly registry.get     'x-timer': 'S1426552420.832285,VS0,VE263',
536 silly registry.get     vary: 'Accept',
536 silly registry.get     'keep-alive': 'timeout=10, max=46',
536 silly registry.get     connection: 'Keep-Alive' } ]
537 silly addNameRange number 2 { name: 'grunt-contrib-connect',
537 silly addNameRange   range: '>=0.5.0-0 <0.6.0-0',
537 silly addNameRange   hasData: true }
538 silly addNameRange versions [ 'grunt-contrib-connect',
538 silly addNameRange   [ '0.1.0',
538 silly addNameRange     '0.1.1',
538 silly addNameRange     '0.1.2',
538 silly addNameRange     '0.2.0',
538 silly addNameRange     '0.3.0',
538 silly addNameRange     '0.4.0',
538 silly addNameRange     '0.4.1',
538 silly addNameRange     '0.4.2',
538 silly addNameRange     '0.5.0',
538 silly addNameRange     '0.6.0',
538 silly addNameRange     '0.7.0',
538 silly addNameRange     '0.7.1',
538 silly addNameRange     '0.8.0',
538 silly addNameRange     '0.9.0',
538 silly addNameRange     '0.1.1-rc6' ] ]
539 verbose addNamed [ 'grunt-contrib-connect', '0.5.0' ]
540 verbose addNamed [ '0.5.0', '0.5.0' ]
541 silly lockFile 524c2b14-grunt-contrib-connect-0-5-0 grunt-contrib-connect@0.5.0
542 verbose lock grunt-contrib-connect@0.5.0 /Users/everitoSan/.npm/524c2b14-grunt-contrib-connect-0-5-0.lock
543 silly lockFile 34a49aba--grunt-contrib-connect-0-5-0-tgz https://registry.npmjs.org/grunt-contrib-connect/-/grunt-contrib-connect-0.5.0.tgz
544 verbose lock https://registry.npmjs.org/grunt-contrib-connect/-/grunt-contrib-connect-0.5.0.tgz /Users/everitoSan/.npm/34a49aba--grunt-contrib-connect-0-5-0-tgz.lock
545 verbose addRemoteTarball [ 'https://registry.npmjs.org/grunt-contrib-connect/-/grunt-contrib-connect-0.5.0.tgz',
545 verbose addRemoteTarball   '0330be3724e3eeef438578b26308cad302f5fa63' ]
546 info retry fetch attempt 1 at 18:33:41
547 verbose fetch to= /var/folders/6c/7q3zvdnx7v14k8z99k7j40qh0000gn/T/npm-10829-wTcj_rlh/registry.npmjs.org/grunt-contrib-connect/-/grunt-contrib-connect-0.5.0.tgz
548 http GET https://registry.npmjs.org/grunt-contrib-connect/-/grunt-contrib-connect-0.5.0.tgz
549 http 200 https://registry.npmjs.org/grunt-contrib-jshint/-/grunt-contrib-jshint-0.4.3.tgz
550 silly lockFile 9b434032-t-grunt-contrib-jshint-0-4-3-tgz https://registry.npmjs.org/grunt-contrib-jshint/-/grunt-contrib-jshint-0.4.3.tgz
551 silly lockFile 9b434032-t-grunt-contrib-jshint-0-4-3-tgz https://registry.npmjs.org/grunt-contrib-jshint/-/grunt-contrib-jshint-0.4.3.tgz
552 silly lockFile 86aa07b7-grunt-contrib-jshint-0-4-3 grunt-contrib-jshint@0.4.3
553 silly lockFile 86aa07b7-grunt-contrib-jshint-0-4-3 grunt-contrib-jshint@0.4.3
554 silly lockFile e22b9980-grunt-contrib-jshint-0-4-3 grunt-contrib-jshint@~0.4.3
555 silly lockFile e22b9980-grunt-contrib-jshint-0-4-3 grunt-contrib-jshint@~0.4.3
556 http 200 https://registry.npmjs.org/grunt-contrib-connect/-/grunt-contrib-connect-0.5.0.tgz
557 silly lockFile 34a49aba--grunt-contrib-connect-0-5-0-tgz https://registry.npmjs.org/grunt-contrib-connect/-/grunt-contrib-connect-0.5.0.tgz
558 silly lockFile 34a49aba--grunt-contrib-connect-0-5-0-tgz https://registry.npmjs.org/grunt-contrib-connect/-/grunt-contrib-connect-0.5.0.tgz
559 silly lockFile 524c2b14-grunt-contrib-connect-0-5-0 grunt-contrib-connect@0.5.0
560 silly lockFile 524c2b14-grunt-contrib-connect-0-5-0 grunt-contrib-connect@0.5.0
561 silly lockFile bc7bae3b-grunt-contrib-connect-0-5-0 grunt-contrib-connect@~0.5.0
562 silly lockFile bc7bae3b-grunt-contrib-connect-0-5-0 grunt-contrib-connect@~0.5.0
563 http 200 https://registry.npmjs.org/grunt-connect-proxy/-/grunt-connect-proxy-0.1.11.tgz
564 silly lockFile 6b3cb588-y-grunt-connect-proxy-0-1-11-tgz https://registry.npmjs.org/grunt-connect-proxy/-/grunt-connect-proxy-0.1.11.tgz
565 silly lockFile 6b3cb588-y-grunt-connect-proxy-0-1-11-tgz https://registry.npmjs.org/grunt-connect-proxy/-/grunt-connect-proxy-0.1.11.tgz
566 silly lockFile 2b948ab8-grunt-connect-proxy-0-1-11 grunt-connect-proxy@0.1.11
567 silly lockFile 2b948ab8-grunt-connect-proxy-0-1-11 grunt-connect-proxy@0.1.11
568 silly lockFile 83651847-grunt-connect-proxy-0-1-5 grunt-connect-proxy@~0.1.5
569 silly lockFile 83651847-grunt-connect-proxy-0-1-5 grunt-connect-proxy@~0.1.5
570 http 200 https://registry.npmjs.org/bower/-/bower-1.2.8.tgz
571 http 200 https://registry.npmjs.org/grunt-contrib-watch/-/grunt-contrib-watch-0.5.3.tgz
572 http 200 https://registry.npmjs.org/grunt-contrib-cssmin/-/grunt-contrib-cssmin-0.6.2.tgz
573 silly lockFile 5dca6013-ch-grunt-contrib-watch-0-5-3-tgz https://registry.npmjs.org/grunt-contrib-watch/-/grunt-contrib-watch-0.5.3.tgz
574 silly lockFile 5dca6013-ch-grunt-contrib-watch-0-5-3-tgz https://registry.npmjs.org/grunt-contrib-watch/-/grunt-contrib-watch-0.5.3.tgz
575 silly lockFile ed91afc7-n-grunt-contrib-cssmin-0-6-2-tgz https://registry.npmjs.org/grunt-contrib-cssmin/-/grunt-contrib-cssmin-0.6.2.tgz
576 silly lockFile ed91afc7-n-grunt-contrib-cssmin-0-6-2-tgz https://registry.npmjs.org/grunt-contrib-cssmin/-/grunt-contrib-cssmin-0.6.2.tgz
577 silly lockFile d70d7cec-grunt-contrib-watch-0-5-3 grunt-contrib-watch@0.5.3
578 silly lockFile d70d7cec-grunt-contrib-watch-0-5-3 grunt-contrib-watch@0.5.3
579 silly lockFile 5585f5d7-grunt-contrib-cssmin-0-6-2 grunt-contrib-cssmin@0.6.2
580 silly lockFile 5585f5d7-grunt-contrib-cssmin-0-6-2 grunt-contrib-cssmin@0.6.2
581 silly lockFile b469febc-grunt-contrib-watch-0-5-3 grunt-contrib-watch@~0.5.3
582 silly lockFile b469febc-grunt-contrib-watch-0-5-3 grunt-contrib-watch@~0.5.3
583 silly lockFile 681ad0ec-grunt-contrib-cssmin-0-6-0 grunt-contrib-cssmin@~0.6.0
584 silly lockFile 681ad0ec-grunt-contrib-cssmin-0-6-0 grunt-contrib-cssmin@~0.6.0
585 silly lockFile f9776a33--npmjs-org-bower-bower-1-2-8-tgz https://registry.npmjs.org/bower/-/bower-1.2.8.tgz
586 silly lockFile f9776a33--npmjs-org-bower-bower-1-2-8-tgz https://registry.npmjs.org/bower/-/bower-1.2.8.tgz
587 silly lockFile f0910d34-bower-1-2-8 bower@1.2.8
588 silly lockFile f0910d34-bower-1-2-8 bower@1.2.8
589 silly lockFile aec221ee-bower-1-2-0 bower@~1.2.0
590 silly lockFile aec221ee-bower-1-2-0 bower@~1.2.0
591 error Error: EACCES, mkdir '/Users/everitoSan/.npm/grunt-contrib-connect/0.5.0'
591 error  { [Error: EACCES, mkdir '/Users/everitoSan/.npm/grunt-contrib-connect/0.5.0']
591 error   errno: 3,
591 error   code: 'EACCES',
591 error   path: '/Users/everitoSan/.npm/grunt-contrib-connect/0.5.0',
591 error   parent: 'ODIapp' }
592 error Please try running this command again as root/Administrator.
593 error System Darwin 14.1.0
594 error command "node" "/usr/local/bin/npm" "install"
595 error cwd /Users/everitoSan/MEGA/MEGAsync/Everito.san/Digital·Invaders/FINAL PROYECT/ODIapp
596 error node -v v0.10.33
597 error npm -v 1.4.28
598 error path /Users/everitoSan/.npm/grunt-contrib-connect/0.5.0
599 error code EACCES
600 error errno 3
601 error stack Error: EACCES, mkdir '/Users/everitoSan/.npm/grunt-contrib-connect/0.5.0'
602 verbose exit [ 3, true ]
